This file contains any messages produced by compilers while
running configure, to aid debugging if configure makes a mistake.

It was created by GNU Cobol configure 2.0, which was
generated by GNU Autoconf 2.68.  Invocation command line was

  $ ./configure --enable-debug

## --------- ##
## Platform. ##
## --------- ##

hostname = wheezy
uname -m = i686
uname -r = 3.2.0-4-486
uname -s = Linux
uname -v = #1 Debian 3.2.51-1

/usr/bin/uname -p = unknown
/bin/uname -X     = unknown

/bin/arch              = unknown
/usr/bin/arch -k       = unknown
/usr/convex/getsysinfo = unknown
/usr/bin/hostinfo      = unknown
/bin/machine           = unknown
/usr/bin/oslevel       = unknown
/bin/universe          = unknown

PATH: /usr/local/bin
PATH: /usr/bin
PATH: /bin
PATH: /usr/local/games
PATH: /usr/games


## ----------- ##
## Core tests. ##
## ----------- ##

configure:2388: checking for a BSD-compatible install
configure:2456: result: /usr/bin/install -c
configure:2467: checking whether build environment is sane
configure:2517: result: yes
configure:2658: checking for a thread-safe mkdir -p
configure:2697: result: /bin/mkdir -p
configure:2710: checking for gawk
configure:2740: result: no
configure:2710: checking for mawk
configure:2726: found /usr/bin/mawk
configure:2737: result: mawk
configure:2748: checking whether make sets $(MAKE)
configure:2770: result: yes
configure:2851: checking whether to enable maintainer-specific portions of Makefiles
configure:2860: result: no
configure:2964: checking for gcc
configure:2980: found /usr/bin/gcc
configure:2991: result: gcc
configure:3022: checking for C compiler version
configure:3031: gcc --version >&5
gcc (Debian 4.7.2-5) 4.7.2
Copyright (C) 2012 Free Software Foundation, Inc.
This is free software; see the source for copying conditions.  There is NO
warranty; not even for MERCHANTABILITY or FITNESS FOR A PARTICULAR PURPOSE.

configure:3042: $? = 0
configure:3031: gcc -v >&5
Using built-in specs.
COLLECT_GCC=gcc
COLLECT_LTO_WRAPPER=/usr/lib/gcc/i486-linux-gnu/4.7/lto-wrapper
Target: i486-linux-gnu
Configured with: ../src/configure -v --with-pkgversion='Debian 4.7.2-5' --with-bugurl=file:///usr/share/doc/gcc-4.7/README.Bugs --enable-languages=c,c++,go,fortran,objc,obj-c++ --prefix=/usr --program-suffix=-4.7 --enable-shared --enable-linker-build-id --with-system-zlib --libexecdir=/usr/lib --without-included-gettext --enable-threads=posix --with-gxx-include-dir=/usr/include/c++/4.7 --libdir=/usr/lib --enable-nls --with-sysroot=/ --enable-clocale=gnu --enable-libstdcxx-debug --enable-libstdcxx-time=yes --enable-gnu-unique-object --enable-plugin --enable-objc-gc --enable-targets=all --with-arch-32=i586 --with-tune=generic --enable-checking=release --build=i486-linux-gnu --host=i486-linux-gnu --target=i486-linux-gnu
Thread model: posix
gcc version 4.7.2 (Debian 4.7.2-5) 
configure:3042: $? = 0
configure:3031: gcc -V >&5
gcc: error: unrecognized command line option '-V'
gcc: fatal error: no input files
compilation terminated.
configure:3042: $? = 4
configure:3031: gcc -qversion >&5
gcc: error: unrecognized command line option '-qversion'
gcc: fatal error: no input files
compilation terminated.
configure:3042: $? = 4
configure:3062: checking whether the C compiler works
configure:3084: gcc    conftest.c  >&5
configure:3088: $? = 0
configure:3136: result: yes
configure:3139: checking for C compiler default output file name
configure:3141: result: a.out
configure:3147: checking for suffix of executables
configure:3154: gcc -o conftest    conftest.c  >&5
configure:3158: $? = 0
configure:3180: result: 
configure:3202: checking whether we are cross compiling
configure:3210: gcc -o conftest    conftest.c  >&5
configure:3214: $? = 0
configure:3221: ./conftest
configure:3225: $? = 0
configure:3240: result: no
configure:3245: checking for suffix of object files
configure:3267: gcc -c   conftest.c >&5
configure:3271: $? = 0
configure:3292: result: o
configure:3296: checking whether we are using the GNU C compiler
configure:3315: gcc -c   conftest.c >&5
configure:3315: $? = 0
configure:3324: result: yes
configure:3333: checking whether gcc accepts -g
configure:3353: gcc -c -g  conftest.c >&5
configure:3353: $? = 0
configure:3394: result: yes
configure:3411: checking for gcc option to accept ISO C89
configure:3475: gcc  -c -g -O2  conftest.c >&5
configure:3475: $? = 0
configure:3488: result: none needed
configure:3519: checking for style of include used by make
configure:3547: result: GNU
configure:3572: checking dependency style of gcc
configure:3682: result: gcc3
configure:3701: checking for gcc option to accept ISO C99
configure:3850: gcc  -c -g -O2  conftest.c >&5
conftest.c:61:29: error: expected ';', ',' or ')' before 'text'
conftest.c: In function 'main':
conftest.c:115:18: error: expected '=', ',', ';', 'asm' or '__attribute__' before 'newvar'
conftest.c:115:18: error: 'newvar' undeclared (first use in this function)
conftest.c:115:18: note: each undeclared identifier is reported only once for each function it appears in
conftest.c:125:3: error: 'for' loop initial declarations are only allowed in C99 mode
conftest.c:125:3: note: use option -std=c99 or -std=gnu99 to compile your code
configure:3850: $? = 1
configure: failed program was:
| /* confdefs.h */
| #define PACKAGE_NAME "GNU Cobol"
| #define PACKAGE_TARNAME "gnu-cobol"
| #define PACKAGE_VERSION "2.0"
| #define PACKAGE_STRING "GNU Cobol 2.0"
| #define PACKAGE_BUGREPORT "open-cobol-list@lists.sourceforge.net"
| #define PACKAGE_URL "http://www.opencobol.org"
| #define PACKAGE "gnu-cobol"
| #define VERSION "2.0"
| /* end confdefs.h.  */
| #include <stdarg.h>
| #include <stdbool.h>
| #include <stdlib.h>
| #include <wchar.h>
| #include <stdio.h>
| 
| // Check varargs macros.  These examples are taken from C99 6.10.3.5.
| #define debug(...) fprintf (stderr, __VA_ARGS__)
| #define showlist(...) puts (#__VA_ARGS__)
| #define report(test,...) ((test) ? puts (#test) : printf (__VA_ARGS__))
| static void
| test_varargs_macros (void)
| {
|   int x = 1234;
|   int y = 5678;
|   debug ("Flag");
|   debug ("X = %d\n", x);
|   showlist (The first, second, and third items.);
|   report (x>y, "x is %d but y is %d", x, y);
| }
| 
| // Check long long types.
| #define BIG64 18446744073709551615ull
| #define BIG32 4294967295ul
| #define BIG_OK (BIG64 / BIG32 == 4294967297ull && BIG64 % BIG32 == 0)
| #if !BIG_OK
|   your preprocessor is broken;
| #endif
| #if BIG_OK
| #else
|   your preprocessor is broken;
| #endif
| static long long int bignum = -9223372036854775807LL;
| static unsigned long long int ubignum = BIG64;
| 
| struct incomplete_array
| {
|   int datasize;
|   double data[];
| };
| 
| struct named_init {
|   int number;
|   const wchar_t *name;
|   double average;
| };
| 
| typedef const char *ccp;
| 
| static inline int
| test_restrict (ccp restrict text)
| {
|   // See if C++-style comments work.
|   // Iterate through items via the restricted pointer.
|   // Also check for declarations in for loops.
|   for (unsigned int i = 0; *(text+i) != '\0'; ++i)
|     continue;
|   return 0;
| }
| 
| // Check varargs and va_copy.
| static void
| test_varargs (const char *format, ...)
| {
|   va_list args;
|   va_start (args, format);
|   va_list args_copy;
|   va_copy (args_copy, args);
| 
|   const char *str;
|   int number;
|   float fnumber;
| 
|   while (*format)
|     {
|       switch (*format++)
| 	{
| 	case 's': // string
| 	  str = va_arg (args_copy, const char *);
| 	  break;
| 	case 'd': // int
| 	  number = va_arg (args_copy, int);
| 	  break;
| 	case 'f': // float
| 	  fnumber = va_arg (args_copy, double);
| 	  break;
| 	default:
| 	  break;
| 	}
|     }
|   va_end (args_copy);
|   va_end (args);
| }
| 
| int
| main ()
| {
| 
|   // Check bool.
|   _Bool success = false;
| 
|   // Check restrict.
|   if (test_restrict ("String literal") == 0)
|     success = true;
|   char *restrict newvar = "Another string";
| 
|   // Check varargs.
|   test_varargs ("s, d' f .", "string", 65, 34.234);
|   test_varargs_macros ();
| 
|   // Check flexible array members.
|   struct incomplete_array *ia =
|     malloc (sizeof (struct incomplete_array) + (sizeof (double) * 10));
|   ia->datasize = 10;
|   for (int i = 0; i < ia->datasize; ++i)
|     ia->data[i] = i * 1.234;
| 
|   // Check named initializers.
|   struct named_init ni = {
|     .number = 34,
|     .name = L"Test wide string",
|     .average = 543.34343,
|   };
| 
|   ni.number = 58;
| 
|   int dynamic_array[ni.number];
|   dynamic_array[ni.number - 1] = 543;
| 
|   // work around unused variable warnings
|   return (!success || bignum == 0LL || ubignum == 0uLL || newvar[0] == 'x'
| 	  || dynamic_array[ni.number - 1] != 543);
| 
|   ;
|   return 0;
| }
configure:3850: gcc -std=gnu99 -c -g -O2  conftest.c >&5
configure:3850: $? = 0
configure:3870: result: -std=gnu99
configure:3972: checking for gcc -std=gnu99 option to accept ISO Standard C
configure:3986: result: -std=gnu99
configure:3996: checking how to run the C preprocessor
configure:4027: gcc -std=gnu99 -E  conftest.c
configure:4027: $? = 0
configure:4041: gcc -std=gnu99 -E  conftest.c
conftest.c:11:28: fatal error: ac_nonexistent.h: No such file or directory
compilation terminated.
configure:4041: $? = 1
configure: failed program was:
| /* confdefs.h */
| #define PACKAGE_NAME "GNU Cobol"
| #define PACKAGE_TARNAME "gnu-cobol"
| #define PACKAGE_VERSION "2.0"
| #define PACKAGE_STRING "GNU Cobol 2.0"
| #define PACKAGE_BUGREPORT "open-cobol-list@lists.sourceforge.net"
| #define PACKAGE_URL "http://www.opencobol.org"
| #define PACKAGE "gnu-cobol"
| #define VERSION "2.0"
| /* end confdefs.h.  */
| #include <ac_nonexistent.h>
configure:4066: result: gcc -std=gnu99 -E
configure:4086: gcc -std=gnu99 -E  conftest.c
configure:4086: $? = 0
configure:4100: gcc -std=gnu99 -E  conftest.c
conftest.c:11:28: fatal error: ac_nonexistent.h: No such file or directory
compilation terminated.
configure:4100: $? = 1
configure: failed program was:
| /* confdefs.h */
| #define PACKAGE_NAME "GNU Cobol"
| #define PACKAGE_TARNAME "gnu-cobol"
| #define PACKAGE_VERSION "2.0"
| #define PACKAGE_STRING "GNU Cobol 2.0"
| #define PACKAGE_BUGREPORT "open-cobol-list@lists.sourceforge.net"
| #define PACKAGE_URL "http://www.opencobol.org"
| #define PACKAGE "gnu-cobol"
| #define VERSION "2.0"
| /* end confdefs.h.  */
| #include <ac_nonexistent.h>
configure:4131: checking for grep that handles long lines and -e
configure:4189: result: /bin/grep
configure:4194: checking for egrep
configure:4256: result: /bin/grep -E
configure:4261: checking for ANSI C header files
configure:4281: gcc -std=gnu99 -c -g -O2  conftest.c >&5
configure:4281: $? = 0
configure:4354: gcc -std=gnu99 -o conftest -g -O2   conftest.c  >&5
configure:4354: $? = 0
configure:4354: ./conftest
configure:4354: $? = 0
configure:4365: result: yes
configure:4378: checking for sys/types.h
configure:4378: gcc -std=gnu99 -c -g -O2  conftest.c >&5
configure:4378: $? = 0
configure:4378: result: yes
configure:4378: checking for sys/stat.h
configure:4378: gcc -std=gnu99 -c -g -O2  conftest.c >&5
configure:4378: $? = 0
configure:4378: result: yes
configure:4378: checking for stdlib.h
configure:4378: gcc -std=gnu99 -c -g -O2  conftest.c >&5
configure:4378: $? = 0
configure:4378: result: yes
configure:4378: checking for string.h
configure:4378: gcc -std=gnu99 -c -g -O2  conftest.c >&5
configure:4378: $? = 0
configure:4378: result: yes
configure:4378: checking for memory.h
configure:4378: gcc -std=gnu99 -c -g -O2  conftest.c >&5
configure:4378: $? = 0
configure:4378: result: yes
configure:4378: checking for strings.h
configure:4378: gcc -std=gnu99 -c -g -O2  conftest.c >&5
configure:4378: $? = 0
configure:4378: result: yes
configure:4378: checking for inttypes.h
configure:4378: gcc -std=gnu99 -c -g -O2  conftest.c >&5
configure:4378: $? = 0
configure:4378: result: yes
configure:4378: checking for stdint.h
configure:4378: gcc -std=gnu99 -c -g -O2  conftest.c >&5
configure:4378: $? = 0
configure:4378: result: yes
configure:4378: checking for unistd.h
configure:4378: gcc -std=gnu99 -c -g -O2  conftest.c >&5
configure:4378: $? = 0
configure:4378: result: yes
configure:4391: checking minix/config.h usability
configure:4391: gcc -std=gnu99 -c -g -O2  conftest.c >&5
conftest.c:54:26: fatal error: minix/config.h: No such file or directory
compilation terminated.
configure:4391: $? = 1
configure: failed program was:
| /* confdefs.h */
| #define PACKAGE_NAME "GNU Cobol"
| #define PACKAGE_TARNAME "gnu-cobol"
| #define PACKAGE_VERSION "2.0"
| #define PACKAGE_STRING "GNU Cobol 2.0"
| #define PACKAGE_BUGREPORT "open-cobol-list@lists.sourceforge.net"
| #define PACKAGE_URL "http://www.opencobol.org"
| #define PACKAGE "gnu-cobol"
| #define VERSION "2.0"
| #define STDC_HEADERS 1
| #define HAVE_SYS_TYPES_H 1
| #define HAVE_SYS_STAT_H 1
| #define HAVE_STDLIB_H 1
| #define HAVE_STRING_H 1
| #define HAVE_MEMORY_H 1
| #define HAVE_STRINGS_H 1
| #define HAVE_INTTYPES_H 1
| #define HAVE_STDINT_H 1
| #define HAVE_UNISTD_H 1
| /* end confdefs.h.  */
| #include <stdio.h>
| #ifdef HAVE_SYS_TYPES_H
| # include <sys/types.h>
| #endif
| #ifdef HAVE_SYS_STAT_H
| # include <sys/stat.h>
| #endif
| #ifdef STDC_HEADERS
| # include <stdlib.h>
| # include <stddef.h>
| #else
| # ifdef HAVE_STDLIB_H
| #  include <stdlib.h>
| # endif
| #endif
| #ifdef HAVE_STRING_H
| # if !defined STDC_HEADERS && defined HAVE_MEMORY_H
| #  include <memory.h>
| # endif
| # include <string.h>
| #endif
| #ifdef HAVE_STRINGS_H
| # include <strings.h>
| #endif
| #ifdef HAVE_INTTYPES_H
| # include <inttypes.h>
| #endif
| #ifdef HAVE_STDINT_H
| # include <stdint.h>
| #endif
| #ifdef HAVE_UNISTD_H
| # include <unistd.h>
| #endif
| #include <minix/config.h>
configure:4391: result: no
configure:4391: checking minix/config.h presence
configure:4391: gcc -std=gnu99 -E  conftest.c
conftest.c:21:26: fatal error: minix/config.h: No such file or directory
compilation terminated.
configure:4391: $? = 1
configure: failed program was:
| /* confdefs.h */
| #define PACKAGE_NAME "GNU Cobol"
| #define PACKAGE_TARNAME "gnu-cobol"
| #define PACKAGE_VERSION "2.0"
| #define PACKAGE_STRING "GNU Cobol 2.0"
| #define PACKAGE_BUGREPORT "open-cobol-list@lists.sourceforge.net"
| #define PACKAGE_URL "http://www.opencobol.org"
| #define PACKAGE "gnu-cobol"
| #define VERSION "2.0"
| #define STDC_HEADERS 1
| #define HAVE_SYS_TYPES_H 1
| #define HAVE_SYS_STAT_H 1
| #define HAVE_STDLIB_H 1
| #define HAVE_STRING_H 1
| #define HAVE_MEMORY_H 1
| #define HAVE_STRINGS_H 1
| #define HAVE_INTTYPES_H 1
| #define HAVE_STDINT_H 1
| #define HAVE_UNISTD_H 1
| /* end confdefs.h.  */
| #include <minix/config.h>
configure:4391: result: no
configure:4391: checking for minix/config.h
configure:4391: result: no
configure:4412: checking whether it is safe to define __EXTENSIONS__
configure:4430: gcc -std=gnu99 -c -g -O2  conftest.c >&5
configure:4430: $? = 0
configure:4437: result: yes
configure:4481: checking build system type
configure:4495: result: i686-pc-linux-gnu
configure:4515: checking host system type
configure:4528: result: i686-pc-linux-gnu
configure:4569: checking how to print strings
configure:4596: result: printf
configure:4617: checking for a sed that does not truncate output
configure:4681: result: /bin/sed
configure:4699: checking for fgrep
configure:4761: result: /bin/grep -F
configure:4796: checking for ld used by gcc -std=gnu99
configure:4863: result: /usr/bin/ld
configure:4870: checking if the linker (/usr/bin/ld) is GNU ld
configure:4885: result: yes
configure:4897: checking for BSD- or MS-compatible name lister (nm)
configure:4946: result: /usr/bin/nm -B
configure:5076: checking the name lister (/usr/bin/nm -B) interface
configure:5083: gcc -std=gnu99 -c -g -O2  conftest.c >&5
configure:5086: /usr/bin/nm -B "conftest.o"
configure:5089: output
00000000 B some_variable
configure:5096: result: BSD nm
configure:5099: checking whether ln -s works
configure:5103: result: yes
configure:5111: checking the maximum length of command line arguments
configure:5236: result: 1572864
configure:5253: checking whether the shell understands some XSI constructs
configure:5263: result: yes
configure:5267: checking whether the shell understands "+="
configure:5273: result: yes
configure:5308: checking how to convert i686-pc-linux-gnu file names to i686-pc-linux-gnu format
configure:5348: result: func_convert_file_noop
configure:5355: checking how to convert i686-pc-linux-gnu file names to toolchain format
configure:5375: result: func_convert_file_noop
configure:5382: checking for /usr/bin/ld option to reload object files
configure:5389: result: -r
configure:5463: checking for objdump
configure:5479: found /usr/bin/objdump
configure:5490: result: objdump
configure:5519: checking how to recognize dependent libraries
configure:5721: result: pass_all
configure:5806: checking for dlltool
configure:5836: result: no
configure:5863: checking how to associate runtime and link libraries
configure:5890: result: printf %s\n
configure:5950: checking for ar
configure:5966: found /usr/bin/ar
configure:5977: result: ar
configure:6014: checking for archiver @FILE support
configure:6031: gcc -std=gnu99 -c -g -O2  conftest.c >&5
configure:6031: $? = 0
configure:6034: ar cru libconftest.a @conftest.lst >&5
configure:6037: $? = 0
configure:6042: ar cru libconftest.a @conftest.lst >&5
ar: conftest.o: No such file or directory
configure:6045: $? = 1
configure:6057: result: @
configure:6115: checking for strip
configure:6131: found /usr/bin/strip
configure:6142: result: strip
configure:6214: checking for ranlib
configure:6230: found /usr/bin/ranlib
configure:6241: result: ranlib
configure:6343: checking command to parse /usr/bin/nm -B output from gcc -std=gnu99 object
configure:6462: gcc -std=gnu99 -c -g -O2  conftest.c >&5
configure:6465: $? = 0
configure:6469: /usr/bin/nm -B conftest.o \| sed -n -e 's/^.*[ ]\([ABCDGIRSTW][ABCDGIRSTW]*\)[ ][ ]*\([_A-Za-z][_A-Za-z0-9]*\)$/\1 \2 \2/p' | sed '/ __gnu_lto/d' \> conftest.nm
configure:6472: $? = 0
configure:6538: gcc -std=gnu99 -o conftest -g -O2   conftest.c conftstm.o >&5
configure:6541: $? = 0
configure:6579: result: ok
configure:6616: checking for sysroot
configure:6646: result: no
configure:6889: checking for mt
configure:6905: found /bin/mt
configure:6916: result: mt
configure:6939: checking if mt is a manifest tool
configure:6945: mt '-?'
configure:6953: result: no
configure:7582: checking for dlfcn.h
configure:7582: gcc -std=gnu99 -c -g -O2  conftest.c >&5
configure:7582: $? = 0
configure:7582: result: yes
configure:8066: checking for objdir
configure:8081: result: .libs
configure:8352: checking if gcc -std=gnu99 supports -fno-rtti -fno-exceptions
configure:8370: gcc -std=gnu99 -c -g -O2  -fno-rtti -fno-exceptions conftest.c >&5
cc1: warning: command line option '-fno-rtti' is valid for C++/ObjC++ but not for C [enabled by default]
configure:8374: $? = 0
configure:8387: result: no
configure:8697: checking for gcc -std=gnu99 option to produce PIC
configure:8704: result: -fPIC -DPIC
configure:8712: checking if gcc -std=gnu99 PIC flag -fPIC -DPIC works
configure:8730: gcc -std=gnu99 -c -g -O2  -fPIC -DPIC -DPIC conftest.c >&5
configure:8734: $? = 0
configure:8747: result: yes
configure:8776: checking if gcc -std=gnu99 static flag -static works
configure:8804: result: yes
configure:8819: checking if gcc -std=gnu99 supports -c -o file.o
configure:8840: gcc -std=gnu99 -c -g -O2  -o out/conftest2.o conftest.c >&5
configure:8844: $? = 0
configure:8866: result: yes
configure:8874: checking if gcc -std=gnu99 supports -c -o file.o
configure:8921: result: yes
configure:8954: checking whether the gcc -std=gnu99 linker (/usr/bin/ld) supports shared libraries
configure:10112: result: yes
configure:10149: checking whether -lc should be explicitly linked in
configure:10157: gcc -std=gnu99 -c -g -O2  conftest.c >&5
configure:10160: $? = 0
configure:10175: gcc -std=gnu99 -shared  -fPIC -DPIC conftest.o  -v -Wl,-soname -Wl,conftest -o conftest 2\>\&1 \| /bin/grep  -lc  \>/dev/null 2\>\&1
configure:10178: $? = 0
configure:10192: result: no
configure:10357: checking dynamic linker characteristics
configure:10871: gcc -std=gnu99 -o conftest -g -O2   -Wl,-rpath -Wl,/foo conftest.c  >&5
configure:10871: $? = 0
configure:11093: result: GNU/Linux ld.so
configure:11200: checking how to hardcode library paths into programs
configure:11225: result: immediate
configure:11319: checking for shl_load
configure:11319: gcc -std=gnu99 -o conftest -g -O2   conftest.c  >&5
/tmp/ccEVFU0i.o: In function `main':
/home/adger/GitHub/tmp/gnu-cobol-2.0/conftest.c:62: undefined reference to `shl_load'
collect2: error: ld returned 1 exit status
configure:11319: $? = 1
configure: failed program was:
| /* confdefs.h */
| #define PACKAGE_NAME "GNU Cobol"
| #define PACKAGE_TARNAME "gnu-cobol"
| #define PACKAGE_VERSION "2.0"
| #define PACKAGE_STRING "GNU Cobol 2.0"
| #define PACKAGE_BUGREPORT "open-cobol-list@lists.sourceforge.net"
| #define PACKAGE_URL "http://www.opencobol.org"
| #define PACKAGE "gnu-cobol"
| #define VERSION "2.0"
| #define STDC_HEADERS 1
| #define HAVE_SYS_TYPES_H 1
| #define HAVE_SYS_STAT_H 1
| #define HAVE_STDLIB_H 1
| #define HAVE_STRING_H 1
| #define HAVE_MEMORY_H 1
| #define HAVE_STRINGS_H 1
| #define HAVE_INTTYPES_H 1
| #define HAVE_STDINT_H 1
| #define HAVE_UNISTD_H 1
| #define __EXTENSIONS__ 1
| #define _ALL_SOURCE 1
| #define _GNU_SOURCE 1
| #define _POSIX_PTHREAD_SEMANTICS 1
| #define _TANDEM_SOURCE 1
| #define HAVE_DLFCN_H 1
| #define LT_OBJDIR ".libs/"
| /* end confdefs.h.  */
| /* Define shl_load to an innocuous variant, in case <limits.h> declares shl_load.
|    For example, HP-UX 11i <limits.h> declares gettimeofday.  */
| #define shl_load innocuous_shl_load
| 
| /* System header to define __stub macros and hopefully few prototypes,
|     which can conflict with char shl_load (); below.
|     Prefer <limits.h> to <assert.h> if __STDC__ is defined, since
|     <limits.h> exists even on freestanding compilers.  */
| 
| #ifdef __STDC__
| # include <limits.h>
| #else
| # include <assert.h>
| #endif
| 
| #undef shl_load
| 
| /* Override any GCC internal prototype to avoid an error.
|    Use char because int might match the return type of a GCC
|    builtin and then its argument prototype would still apply.  */
| #ifdef __cplusplus
| extern "C"
| #endif
| char shl_load ();
| /* The GNU C library defines this for functions which it implements
|     to always fail with ENOSYS.  Some functions are actually named
|     something starting with __ and the normal name is an alias.  */
| #if defined __stub_shl_load || defined __stub___shl_load
| choke me
| #endif
| 
| int
| main ()
| {
| return shl_load ();
|   ;
|   return 0;
| }
configure:11319: result: no
configure:11323: checking for shl_load in -ldld
configure:11348: gcc -std=gnu99 -o conftest -g -O2   conftest.c -ldld   >&5
/usr/bin/ld: cannot find -ldld
collect2: error: ld returned 1 exit status
configure:11348: $? = 1
configure: failed program was:
| /* confdefs.h */
| #define PACKAGE_NAME "GNU Cobol"
| #define PACKAGE_TARNAME "gnu-cobol"
| #define PACKAGE_VERSION "2.0"
| #define PACKAGE_STRING "GNU Cobol 2.0"
| #define PACKAGE_BUGREPORT "open-cobol-list@lists.sourceforge.net"
| #define PACKAGE_URL "http://www.opencobol.org"
| #define PACKAGE "gnu-cobol"
| #define VERSION "2.0"
| #define STDC_HEADERS 1
| #define HAVE_SYS_TYPES_H 1
| #define HAVE_SYS_STAT_H 1
| #define HAVE_STDLIB_H 1
| #define HAVE_STRING_H 1
| #define HAVE_MEMORY_H 1
| #define HAVE_STRINGS_H 1
| #define HAVE_INTTYPES_H 1
| #define HAVE_STDINT_H 1
| #define HAVE_UNISTD_H 1
| #define __EXTENSIONS__ 1
| #define _ALL_SOURCE 1
| #define _GNU_SOURCE 1
| #define _POSIX_PTHREAD_SEMANTICS 1
| #define _TANDEM_SOURCE 1
| #define HAVE_DLFCN_H 1
| #define LT_OBJDIR ".libs/"
| /* end confdefs.h.  */
| 
| /* Override any GCC internal prototype to avoid an error.
|    Use char because int might match the return type of a GCC
|    builtin and then its argument prototype would still apply.  */
| #ifdef __cplusplus
| extern "C"
| #endif
| char shl_load ();
| int
| main ()
| {
| return shl_load ();
|   ;
|   return 0;
| }
configure:11357: result: no
configure:11362: checking for dlopen
configure:11362: gcc -std=gnu99 -o conftest -g -O2   conftest.c  >&5
/tmp/ccwTFEuv.o: In function `main':
/home/adger/GitHub/tmp/gnu-cobol-2.0/conftest.c:62: undefined reference to `dlopen'
collect2: error: ld returned 1 exit status
configure:11362: $? = 1
configure: failed program was:
| /* confdefs.h */
| #define PACKAGE_NAME "GNU Cobol"
| #define PACKAGE_TARNAME "gnu-cobol"
| #define PACKAGE_VERSION "2.0"
| #define PACKAGE_STRING "GNU Cobol 2.0"
| #define PACKAGE_BUGREPORT "open-cobol-list@lists.sourceforge.net"
| #define PACKAGE_URL "http://www.opencobol.org"
| #define PACKAGE "gnu-cobol"
| #define VERSION "2.0"
| #define STDC_HEADERS 1
| #define HAVE_SYS_TYPES_H 1
| #define HAVE_SYS_STAT_H 1
| #define HAVE_STDLIB_H 1
| #define HAVE_STRING_H 1
| #define HAVE_MEMORY_H 1
| #define HAVE_STRINGS_H 1
| #define HAVE_INTTYPES_H 1
| #define HAVE_STDINT_H 1
| #define HAVE_UNISTD_H 1
| #define __EXTENSIONS__ 1
| #define _ALL_SOURCE 1
| #define _GNU_SOURCE 1
| #define _POSIX_PTHREAD_SEMANTICS 1
| #define _TANDEM_SOURCE 1
| #define HAVE_DLFCN_H 1
| #define LT_OBJDIR ".libs/"
| /* end confdefs.h.  */
| /* Define dlopen to an innocuous variant, in case <limits.h> declares dlopen.
|    For example, HP-UX 11i <limits.h> declares gettimeofday.  */
| #define dlopen innocuous_dlopen
| 
| /* System header to define __stub macros and hopefully few prototypes,
|     which can conflict with char dlopen (); below.
|     Prefer <limits.h> to <assert.h> if __STDC__ is defined, since
|     <limits.h> exists even on freestanding compilers.  */
| 
| #ifdef __STDC__
| # include <limits.h>
| #else
| # include <assert.h>
| #endif
| 
| #undef dlopen
| 
| /* Override any GCC internal prototype to avoid an error.
|    Use char because int might match the return type of a GCC
|    builtin and then its argument prototype would still apply.  */
| #ifdef __cplusplus
| extern "C"
| #endif
| char dlopen ();
| /* The GNU C library defines this for functions which it implements
|     to always fail with ENOSYS.  Some functions are actually named
|     something starting with __ and the normal name is an alias.  */
| #if defined __stub_dlopen || defined __stub___dlopen
| choke me
| #endif
| 
| int
| main ()
| {
| return dlopen ();
|   ;
|   return 0;
| }
configure:11362: result: no
configure:11366: checking for dlopen in -ldl
configure:11391: gcc -std=gnu99 -o conftest -g -O2   conftest.c -ldl   >&5
configure:11391: $? = 0
configure:11400: result: yes
configure:11519: checking whether a program can dlopen itself
configure:11599: gcc -std=gnu99 -o conftest -g -O2  -DHAVE_DLFCN_H  -Wl,--export-dynamic conftest.c -ldl  >&5
configure:11602: $? = 0
configure:11620: result: yes
configure:11625: checking whether a statically linked program can dlopen itself
configure:11705: gcc -std=gnu99 -o conftest -g -O2  -DHAVE_DLFCN_H  -Wl,--export-dynamic -static conftest.c -ldl  >&5
/tmp/cc3ikNnI.o: In function `main':
/home/adger/GitHub/tmp/gnu-cobol-2.0/configure:11684: warning: Using 'dlopen' in statically linked applications requires at runtime the shared libraries from the glibc version used for linking
configure:11708: $? = 0
/lib/i386-linux-gnu/: cannot read file data: Is a directory
configure:11726: result: no
configure:11765: checking whether stripping libraries is possible
configure:11770: result: yes
configure:11805: checking if libtool supports shared libraries
configure:11807: result: yes
configure:11810: checking whether to build shared libraries
configure:11831: result: yes
configure:11834: checking whether to build static libraries
configure:11838: result: yes
configure:11874: checking for egrep
configure:11936: result: /bin/grep -E
configure:11942: checking whether gcc -std=gnu99 and cc understand -c and -o together
configure:11973: gcc -std=gnu99 -c conftest.c -o conftest2.o >&5
configure:11977: $? = 0
configure:11983: gcc -std=gnu99 -c conftest.c -o conftest2.o >&5
configure:11987: $? = 0
configure:11998: cc -c conftest.c >&5
configure:12002: $? = 0
configure:12010: cc -c conftest.c -o conftest2.o >&5
configure:12014: $? = 0
configure:12020: cc -c conftest.c -o conftest2.o >&5
configure:12024: $? = 0
configure:12042: result: yes
configure:12070: checking whether ln -s works
configure:12074: result: yes
configure:12087: checking whether make sets $(MAKE)
configure:12109: result: yes
configure:12142: checking for ld used by GCC
configure:12206: result: /usr/bin/ld
configure:12213: checking if the linker (/usr/bin/ld) is GNU ld
configure:12226: result: yes
configure:12233: checking for shared library run path origin
configure:12246: result: done
configure:12267: checking for ANSI C header files
configure:12371: result: yes
configure:12383: checking for stdint.h
configure:12383: result: yes
configure:12383: checking for sys/types.h
configure:12383: result: yes
configure:12383: checking signal.h usability
configure:12383: gcc -std=gnu99 -c -g -O2  conftest.c >&5
configure:12383: $? = 0
configure:12383: result: yes
configure:12383: checking signal.h presence
configure:12383: gcc -std=gnu99 -E  conftest.c
configure:12383: $? = 0
configure:12383: result: yes
configure:12383: checking for signal.h
configure:12383: result: yes
configure:12383: checking fcntl.h usability
configure:12383: gcc -std=gnu99 -c -g -O2  conftest.c >&5
configure:12383: $? = 0
configure:12383: result: yes
configure:12383: checking fcntl.h presence
configure:12383: gcc -std=gnu99 -E  conftest.c
configure:12383: $? = 0
configure:12383: result: yes
configure:12383: checking for fcntl.h
configure:12383: result: yes
configure:12383: checking malloc.h usability
configure:12383: gcc -std=gnu99 -c -g -O2  conftest.c >&5
configure:12383: $? = 0
configure:12383: result: yes
configure:12383: checking malloc.h presence
configure:12383: gcc -std=gnu99 -E  conftest.c
configure:12383: $? = 0
configure:12383: result: yes
configure:12383: checking for malloc.h
configure:12383: result: yes
configure:12383: checking locale.h usability
configure:12383: gcc -std=gnu99 -c -g -O2  conftest.c >&5
configure:12383: $? = 0
configure:12383: result: yes
configure:12383: checking locale.h presence
configure:12383: gcc -std=gnu99 -E  conftest.c
configure:12383: $? = 0
configure:12383: result: yes
configure:12383: checking for locale.h
configure:12383: result: yes
configure:12383: checking stddef.h usability
configure:12383: gcc -std=gnu99 -c -g -O2  conftest.c >&5
configure:12383: $? = 0
configure:12383: result: yes
configure:12383: checking stddef.h presence
configure:12383: gcc -std=gnu99 -E  conftest.c
configure:12383: $? = 0
configure:12383: result: yes
configure:12383: checking for stddef.h
configure:12383: result: yes
configure:12383: checking wchar.h usability
configure:12383: gcc -std=gnu99 -c -g -O2  conftest.c >&5
configure:12383: $? = 0
configure:12383: result: yes
configure:12383: checking wchar.h presence
configure:12383: gcc -std=gnu99 -E  conftest.c
configure:12383: $? = 0
configure:12383: result: yes
configure:12383: checking for wchar.h
configure:12383: result: yes
configure:12383: checking for dlfcn.h
configure:12383: result: yes
configure:12383: checking sys/time.h usability
configure:12383: gcc -std=gnu99 -c -g -O2  conftest.c >&5
configure:12383: $? = 0
configure:12383: result: yes
configure:12383: checking sys/time.h presence
configure:12383: gcc -std=gnu99 -E  conftest.c
configure:12383: $? = 0
configure:12383: result: yes
configure:12383: checking for sys/time.h
configure:12383: result: yes
configure:12395: checking for an ANSI C-conforming const
configure:12460: gcc -std=gnu99 -c -g -O2  conftest.c >&5
configure:12460: $? = 0
configure:12467: result: yes
configure:12475: checking whether byte ordering is bigendian
configure:12490: gcc -std=gnu99 -c -g -O2  conftest.c >&5
conftest.c:40:9: error: unknown type name 'not'
conftest.c:40:15: error: expected '=', ',', ';', 'asm' or '__attribute__' before 'universal'
conftest.c:40:15: error: unknown type name 'universal'
configure:12490: $? = 1
configure: failed program was:
| /* confdefs.h */
| #define PACKAGE_NAME "GNU Cobol"
| #define PACKAGE_TARNAME "gnu-cobol"
| #define PACKAGE_VERSION "2.0"
| #define PACKAGE_STRING "GNU Cobol 2.0"
| #define PACKAGE_BUGREPORT "open-cobol-list@lists.sourceforge.net"
| #define PACKAGE_URL "http://www.opencobol.org"
| #define PACKAGE "gnu-cobol"
| #define VERSION "2.0"
| #define STDC_HEADERS 1
| #define HAVE_SYS_TYPES_H 1
| #define HAVE_SYS_STAT_H 1
| #define HAVE_STDLIB_H 1
| #define HAVE_STRING_H 1
| #define HAVE_MEMORY_H 1
| #define HAVE_STRINGS_H 1
| #define HAVE_INTTYPES_H 1
| #define HAVE_STDINT_H 1
| #define HAVE_UNISTD_H 1
| #define __EXTENSIONS__ 1
| #define _ALL_SOURCE 1
| #define _GNU_SOURCE 1
| #define _POSIX_PTHREAD_SEMANTICS 1
| #define _TANDEM_SOURCE 1
| #define HAVE_DLFCN_H 1
| #define LT_OBJDIR ".libs/"
| #define STDC_HEADERS 1
| #define HAVE_STDINT_H 1
| #define HAVE_SYS_TYPES_H 1
| #define HAVE_SIGNAL_H 1
| #define HAVE_FCNTL_H 1
| #define HAVE_MALLOC_H 1
| #define HAVE_LOCALE_H 1
| #define HAVE_STDDEF_H 1
| #define HAVE_WCHAR_H 1
| #define HAVE_DLFCN_H 1
| #define HAVE_SYS_TIME_H 1
| /* end confdefs.h.  */
| #ifndef __APPLE_CC__
| 	       not a universal capable compiler
| 	     #endif
| 	     typedef int dummy;
| 
configure:12535: gcc -std=gnu99 -c -g -O2  conftest.c >&5
configure:12535: $? = 0
configure:12553: gcc -std=gnu99 -c -g -O2  conftest.c >&5
conftest.c: In function 'main':
conftest.c:46:4: error: unknown type name 'not'
conftest.c:46:12: error: expected '=', ',', ';', 'asm' or '__attribute__' before 'endian'
configure:12553: $? = 1
configure: failed program was:
| /* confdefs.h */
| #define PACKAGE_NAME "GNU Cobol"
| #define PACKAGE_TARNAME "gnu-cobol"
| #define PACKAGE_VERSION "2.0"
| #define PACKAGE_STRING "GNU Cobol 2.0"
| #define PACKAGE_BUGREPORT "open-cobol-list@lists.sourceforge.net"
| #define PACKAGE_URL "http://www.opencobol.org"
| #define PACKAGE "gnu-cobol"
| #define VERSION "2.0"
| #define STDC_HEADERS 1
| #define HAVE_SYS_TYPES_H 1
| #define HAVE_SYS_STAT_H 1
| #define HAVE_STDLIB_H 1
| #define HAVE_STRING_H 1
| #define HAVE_MEMORY_H 1
| #define HAVE_STRINGS_H 1
| #define HAVE_INTTYPES_H 1
| #define HAVE_STDINT_H 1
| #define HAVE_UNISTD_H 1
| #define __EXTENSIONS__ 1
| #define _ALL_SOURCE 1
| #define _GNU_SOURCE 1
| #define _POSIX_PTHREAD_SEMANTICS 1
| #define _TANDEM_SOURCE 1
| #define HAVE_DLFCN_H 1
| #define LT_OBJDIR ".libs/"
| #define STDC_HEADERS 1
| #define HAVE_STDINT_H 1
| #define HAVE_SYS_TYPES_H 1
| #define HAVE_SIGNAL_H 1
| #define HAVE_FCNTL_H 1
| #define HAVE_MALLOC_H 1
| #define HAVE_LOCALE_H 1
| #define HAVE_STDDEF_H 1
| #define HAVE_WCHAR_H 1
| #define HAVE_DLFCN_H 1
| #define HAVE_SYS_TIME_H 1
| /* end confdefs.h.  */
| #include <sys/types.h>
| 		#include <sys/param.h>
| 
| int
| main ()
| {
| #if BYTE_ORDER != BIG_ENDIAN
| 		 not big endian
| 		#endif
| 
|   ;
|   return 0;
| }
configure:12681: result: no
configure:12699: checking for size_t
configure:12699: gcc -std=gnu99 -c -g -O2  conftest.c >&5
configure:12699: $? = 0
configure:12699: gcc -std=gnu99 -c -g -O2  conftest.c >&5
conftest.c: In function 'main':
conftest.c:75:21: error: expected expression before ')' token
configure:12699: $? = 1
configure: failed program was:
| /* confdefs.h */
| #define PACKAGE_NAME "GNU Cobol"
| #define PACKAGE_TARNAME "gnu-cobol"
| #define PACKAGE_VERSION "2.0"
| #define PACKAGE_STRING "GNU Cobol 2.0"
| #define PACKAGE_BUGREPORT "open-cobol-list@lists.sourceforge.net"
| #define PACKAGE_URL "http://www.opencobol.org"
| #define PACKAGE "gnu-cobol"
| #define VERSION "2.0"
| #define STDC_HEADERS 1
| #define HAVE_SYS_TYPES_H 1
| #define HAVE_SYS_STAT_H 1
| #define HAVE_STDLIB_H 1
| #define HAVE_STRING_H 1
| #define HAVE_MEMORY_H 1
| #define HAVE_STRINGS_H 1
| #define HAVE_INTTYPES_H 1
| #define HAVE_STDINT_H 1
| #define HAVE_UNISTD_H 1
| #define __EXTENSIONS__ 1
| #define _ALL_SOURCE 1
| #define _GNU_SOURCE 1
| #define _POSIX_PTHREAD_SEMANTICS 1
| #define _TANDEM_SOURCE 1
| #define HAVE_DLFCN_H 1
| #define LT_OBJDIR ".libs/"
| #define STDC_HEADERS 1
| #define HAVE_STDINT_H 1
| #define HAVE_SYS_TYPES_H 1
| #define HAVE_SIGNAL_H 1
| #define HAVE_FCNTL_H 1
| #define HAVE_MALLOC_H 1
| #define HAVE_LOCALE_H 1
| #define HAVE_STDDEF_H 1
| #define HAVE_WCHAR_H 1
| #define HAVE_DLFCN_H 1
| #define HAVE_SYS_TIME_H 1
| /* end confdefs.h.  */
| #include <stdio.h>
| #ifdef HAVE_SYS_TYPES_H
| # include <sys/types.h>
| #endif
| #ifdef HAVE_SYS_STAT_H
| # include <sys/stat.h>
| #endif
| #ifdef STDC_HEADERS
| # include <stdlib.h>
| # include <stddef.h>
| #else
| # ifdef HAVE_STDLIB_H
| #  include <stdlib.h>
| # endif
| #endif
| #ifdef HAVE_STRING_H
| # if !defined STDC_HEADERS && defined HAVE_MEMORY_H
| #  include <memory.h>
| # endif
| # include <string.h>
| #endif
| #ifdef HAVE_STRINGS_H
| # include <strings.h>
| #endif
| #ifdef HAVE_INTTYPES_H
| # include <inttypes.h>
| #endif
| #ifdef HAVE_STDINT_H
| # include <stdint.h>
| #endif
| #ifdef HAVE_UNISTD_H
| # include <unistd.h>
| #endif
| int
| main ()
| {
| if (sizeof ((size_t)))
| 	    return 0;
|   ;
|   return 0;
| }
configure:12699: result: yes
configure:12710: checking whether struct tm is in sys/time.h or time.h
configure:12730: gcc -std=gnu99 -c -g -O2  conftest.c >&5
configure:12730: $? = 0
configure:12737: result: time.h
configure:12745: checking for sig_atomic_t
configure:12745: gcc -std=gnu99 -c -g -O2  conftest.c >&5
configure:12745: $? = 0
configure:12745: gcc -std=gnu99 -c -g -O2  conftest.c >&5
conftest.c: In function 'main':
conftest.c:44:27: error: expected expression before ')' token
configure:12745: $? = 1
configure: failed program was:
| /* confdefs.h */
| #define PACKAGE_NAME "GNU Cobol"
| #define PACKAGE_TARNAME "gnu-cobol"
| #define PACKAGE_VERSION "2.0"
| #define PACKAGE_STRING "GNU Cobol 2.0"
| #define PACKAGE_BUGREPORT "open-cobol-list@lists.sourceforge.net"
| #define PACKAGE_URL "http://www.opencobol.org"
| #define PACKAGE "gnu-cobol"
| #define VERSION "2.0"
| #define STDC_HEADERS 1
| #define HAVE_SYS_TYPES_H 1
| #define HAVE_SYS_STAT_H 1
| #define HAVE_STDLIB_H 1
| #define HAVE_STRING_H 1
| #define HAVE_MEMORY_H 1
| #define HAVE_STRINGS_H 1
| #define HAVE_INTTYPES_H 1
| #define HAVE_STDINT_H 1
| #define HAVE_UNISTD_H 1
| #define __EXTENSIONS__ 1
| #define _ALL_SOURCE 1
| #define _GNU_SOURCE 1
| #define _POSIX_PTHREAD_SEMANTICS 1
| #define _TANDEM_SOURCE 1
| #define HAVE_DLFCN_H 1
| #define LT_OBJDIR ".libs/"
| #define STDC_HEADERS 1
| #define HAVE_STDINT_H 1
| #define HAVE_SYS_TYPES_H 1
| #define HAVE_SIGNAL_H 1
| #define HAVE_FCNTL_H 1
| #define HAVE_MALLOC_H 1
| #define HAVE_LOCALE_H 1
| #define HAVE_STDDEF_H 1
| #define HAVE_WCHAR_H 1
| #define HAVE_DLFCN_H 1
| #define HAVE_SYS_TIME_H 1
| /* end confdefs.h.  */
| #include <signal.h>
| 
| int
| main ()
| {
| if (sizeof ((sig_atomic_t)))
| 	    return 0;
|   ;
|   return 0;
| }
configure:12745: result: yes
configure:12759: checking for inline keyword
configure:12783: gcc -std=gnu99 -c -g -O2  conftest.c >&5
configure:12783: $? = 0
configure:12791: result: __inline
configure:12798: checking for working alloca.h
configure:12815: gcc -std=gnu99 -o conftest -g -O2   conftest.c  >&5
configure:12815: $? = 0
configure:12823: result: yes
configure:12831: checking for alloca
configure:12868: gcc -std=gnu99 -o conftest -g -O2   conftest.c  >&5
configure:12868: $? = 0
configure:12876: result: yes
configure:12987: checking for vprintf
configure:12987: gcc -std=gnu99 -o conftest -g -O2   conftest.c  >&5
conftest.c:66:6: warning: conflicting types for built-in function 'vprintf' [enabled by default]
configure:12987: $? = 0
configure:12987: result: yes
configure:12993: checking for _doprnt
configure:12993: gcc -std=gnu99 -o conftest -g -O2   conftest.c  >&5
/tmp/cc4lChYR.o: In function `main':
/home/adger/GitHub/tmp/gnu-cobol-2.0/conftest.c:78: undefined reference to `_doprnt'
collect2: error: ld returned 1 exit status
configure:12993: $? = 1
configure: failed program was:
| /* confdefs.h */
| #define PACKAGE_NAME "GNU Cobol"
| #define PACKAGE_TARNAME "gnu-cobol"
| #define PACKAGE_VERSION "2.0"
| #define PACKAGE_STRING "GNU Cobol 2.0"
| #define PACKAGE_BUGREPORT "open-cobol-list@lists.sourceforge.net"
| #define PACKAGE_URL "http://www.opencobol.org"
| #define PACKAGE "gnu-cobol"
| #define VERSION "2.0"
| #define STDC_HEADERS 1
| #define HAVE_SYS_TYPES_H 1
| #define HAVE_SYS_STAT_H 1
| #define HAVE_STDLIB_H 1
| #define HAVE_STRING_H 1
| #define HAVE_MEMORY_H 1
| #define HAVE_STRINGS_H 1
| #define HAVE_INTTYPES_H 1
| #define HAVE_STDINT_H 1
| #define HAVE_UNISTD_H 1
| #define __EXTENSIONS__ 1
| #define _ALL_SOURCE 1
| #define _GNU_SOURCE 1
| #define _POSIX_PTHREAD_SEMANTICS 1
| #define _TANDEM_SOURCE 1
| #define HAVE_DLFCN_H 1
| #define LT_OBJDIR ".libs/"
| #define STDC_HEADERS 1
| #define HAVE_STDINT_H 1
| #define HAVE_SYS_TYPES_H 1
| #define HAVE_SIGNAL_H 1
| #define HAVE_FCNTL_H 1
| #define HAVE_MALLOC_H 1
| #define HAVE_LOCALE_H 1
| #define HAVE_STDDEF_H 1
| #define HAVE_WCHAR_H 1
| #define HAVE_DLFCN_H 1
| #define HAVE_SYS_TIME_H 1
| #define HAVE_SIG_ATOMIC_T 1
| #define COB_KEYWORD_INLINE __inline
| #define HAVE_ALLOCA_H 1
| #define HAVE_ALLOCA 1
| #define HAVE_VPRINTF 1
| /* end confdefs.h.  */
| /* Define _doprnt to an innocuous variant, in case <limits.h> declares _doprnt.
|    For example, HP-UX 11i <limits.h> declares gettimeofday.  */
| #define _doprnt innocuous__doprnt
| 
| /* System header to define __stub macros and hopefully few prototypes,
|     which can conflict with char _doprnt (); below.
|     Prefer <limits.h> to <assert.h> if __STDC__ is defined, since
|     <limits.h> exists even on freestanding compilers.  */
| 
| #ifdef __STDC__
| # include <limits.h>
| #else
| # include <assert.h>
| #endif
| 
| #undef _doprnt
| 
| /* Override any GCC internal prototype to avoid an error.
|    Use char because int might match the return type of a GCC
|    builtin and then its argument prototype would still apply.  */
| #ifdef __cplusplus
| extern "C"
| #endif
| char _doprnt ();
| /* The GNU C library defines this for functions which it implements
|     to always fail with ENOSYS.  Some functions are actually named
|     something starting with __ and the normal name is an alias.  */
| #if defined __stub__doprnt || defined __stub____doprnt
| choke me
| #endif
| 
| int
| main ()
| {
| return _doprnt ();
|   ;
|   return 0;
| }
configure:12993: result: no
configure:13007: checking for memmove
configure:13007: gcc -std=gnu99 -o conftest -g -O2   conftest.c  >&5
conftest.c:67:6: warning: conflicting types for built-in function 'memmove' [enabled by default]
configure:13007: $? = 0
configure:13007: result: yes
configure:13007: checking for memset
configure:13007: gcc -std=gnu99 -o conftest -g -O2   conftest.c  >&5
conftest.c:68:6: warning: conflicting types for built-in function 'memset' [enabled by default]
configure:13007: $? = 0
configure:13007: result: yes
configure:13007: checking for setlocale
configure:13007: gcc -std=gnu99 -o conftest -g -O2   conftest.c  >&5
configure:13007: $? = 0
configure:13007: result: yes
configure:13007: checking for fcntl
configure:13007: gcc -std=gnu99 -o conftest -g -O2   conftest.c  >&5
configure:13007: $? = 0
configure:13007: result: yes
configure:13007: checking for strerror
configure:13007: gcc -std=gnu99 -o conftest -g -O2   conftest.c  >&5
configure:13007: $? = 0
configure:13007: result: yes
configure:13007: checking for strcasecmp
configure:13007: gcc -std=gnu99 -o conftest -g -O2   conftest.c  >&5
conftest.c:72:6: warning: conflicting types for built-in function 'strcasecmp' [enabled by default]
configure:13007: $? = 0
configure:13007: result: yes
configure:13019: checking for strchr
configure:13019: gcc -std=gnu99 -o conftest -g -O2   conftest.c  >&5
conftest.c:73:6: warning: conflicting types for built-in function 'strchr' [enabled by default]
configure:13019: $? = 0
configure:13019: result: yes
configure:13019: checking for strrchr
configure:13019: gcc -std=gnu99 -o conftest -g -O2   conftest.c  >&5
conftest.c:74:6: warning: conflicting types for built-in function 'strrchr' [enabled by default]
configure:13019: $? = 0
configure:13019: result: yes
configure:13019: checking for strdup
configure:13019: gcc -std=gnu99 -o conftest -g -O2   conftest.c  >&5
conftest.c:75:6: warning: conflicting types for built-in function 'strdup' [enabled by default]
configure:13019: $? = 0
configure:13019: result: yes
configure:13019: checking for strstr
configure:13019: gcc -std=gnu99 -o conftest -g -O2   conftest.c  >&5
conftest.c:76:6: warning: conflicting types for built-in function 'strstr' [enabled by default]
configure:13019: $? = 0
configure:13019: result: yes
configure:13019: checking for strtol
configure:13019: gcc -std=gnu99 -o conftest -g -O2   conftest.c  >&5
configure:13019: $? = 0
configure:13019: result: yes
configure:13019: checking for gettimeofday
configure:13019: gcc -std=gnu99 -o conftest -g -O2   conftest.c  >&5
configure:13019: $? = 0
configure:13019: result: yes
configure:13019: checking for localeconv
configure:13019: gcc -std=gnu99 -o conftest -g -O2   conftest.c  >&5
configure:13019: $? = 0
configure:13019: result: yes
configure:13031: checking for readlink
configure:13031: gcc -std=gnu99 -o conftest -g -O2   conftest.c  >&5
configure:13031: $? = 0
configure:13031: result: yes
configure:13031: checking for getexecname
configure:13031: gcc -std=gnu99 -o conftest -g -O2   conftest.c  >&5
/tmp/ccasXinX.o: In function `main':
/home/adger/GitHub/tmp/gnu-cobol-2.0/conftest.c:92: undefined reference to `getexecname'
collect2: error: ld returned 1 exit status
configure:13031: $? = 1
configure: failed program was:
| /* confdefs.h */
| #define PACKAGE_NAME "GNU Cobol"
| #define PACKAGE_TARNAME "gnu-cobol"
| #define PACKAGE_VERSION "2.0"
| #define PACKAGE_STRING "GNU Cobol 2.0"
| #define PACKAGE_BUGREPORT "open-cobol-list@lists.sourceforge.net"
| #define PACKAGE_URL "http://www.opencobol.org"
| #define PACKAGE "gnu-cobol"
| #define VERSION "2.0"
| #define STDC_HEADERS 1
| #define HAVE_SYS_TYPES_H 1
| #define HAVE_SYS_STAT_H 1
| #define HAVE_STDLIB_H 1
| #define HAVE_STRING_H 1
| #define HAVE_MEMORY_H 1
| #define HAVE_STRINGS_H 1
| #define HAVE_INTTYPES_H 1
| #define HAVE_STDINT_H 1
| #define HAVE_UNISTD_H 1
| #define __EXTENSIONS__ 1
| #define _ALL_SOURCE 1
| #define _GNU_SOURCE 1
| #define _POSIX_PTHREAD_SEMANTICS 1
| #define _TANDEM_SOURCE 1
| #define HAVE_DLFCN_H 1
| #define LT_OBJDIR ".libs/"
| #define STDC_HEADERS 1
| #define HAVE_STDINT_H 1
| #define HAVE_SYS_TYPES_H 1
| #define HAVE_SIGNAL_H 1
| #define HAVE_FCNTL_H 1
| #define HAVE_MALLOC_H 1
| #define HAVE_LOCALE_H 1
| #define HAVE_STDDEF_H 1
| #define HAVE_WCHAR_H 1
| #define HAVE_DLFCN_H 1
| #define HAVE_SYS_TIME_H 1
| #define HAVE_SIG_ATOMIC_T 1
| #define COB_KEYWORD_INLINE __inline
| #define HAVE_ALLOCA_H 1
| #define HAVE_ALLOCA 1
| #define HAVE_VPRINTF 1
| #define HAVE_MEMMOVE 1
| #define HAVE_MEMSET 1
| #define HAVE_SETLOCALE 1
| #define HAVE_FCNTL 1
| #define HAVE_STRERROR 1
| #define HAVE_STRCASECMP 1
| #define HAVE_STRCHR 1
| #define HAVE_STRRCHR 1
| #define HAVE_STRDUP 1
| #define HAVE_STRSTR 1
| #define HAVE_STRTOL 1
| #define HAVE_GETTIMEOFDAY 1
| #define HAVE_LOCALECONV 1
| #define HAVE_READLINK 1
| /* end confdefs.h.  */
| /* Define getexecname to an innocuous variant, in case <limits.h> declares getexecname.
|    For example, HP-UX 11i <limits.h> declares gettimeofday.  */
| #define getexecname innocuous_getexecname
| 
| /* System header to define __stub macros and hopefully few prototypes,
|     which can conflict with char getexecname (); below.
|     Prefer <limits.h> to <assert.h> if __STDC__ is defined, since
|     <limits.h> exists even on freestanding compilers.  */
| 
| #ifdef __STDC__
| # include <limits.h>
| #else
| # include <assert.h>
| #endif
| 
| #undef getexecname
| 
| /* Override any GCC internal prototype to avoid an error.
|    Use char because int might match the return type of a GCC
|    builtin and then its argument prototype would still apply.  */
| #ifdef __cplusplus
| extern "C"
| #endif
| char getexecname ();
| /* The GNU C library defines this for functions which it implements
|     to always fail with ENOSYS.  Some functions are actually named
|     something starting with __ and the normal name is an alias.  */
| #if defined __stub_getexecname || defined __stub___getexecname
| choke me
| #endif
| 
| int
| main ()
| {
| return getexecname ();
|   ;
|   return 0;
| }
configure:13031: result: no
configure:13031: checking for canonicalize_file_name
configure:13031: gcc -std=gnu99 -o conftest -g -O2   conftest.c  >&5
configure:13031: $? = 0
configure:13031: result: yes
configure:13031: checking for realpath
configure:13031: gcc -std=gnu99 -o conftest -g -O2   conftest.c  >&5
configure:13031: $? = 0
configure:13031: result: yes
configure:13043: checking for strcoll
configure:13043: gcc -std=gnu99 -o conftest -g -O2   conftest.c  >&5
configure:13043: $? = 0
configure:13043: result: yes
configure:13043: checking for strxfrm
configure:13043: gcc -std=gnu99 -o conftest -g -O2   conftest.c  >&5
configure:13043: $? = 0
configure:13043: result: yes
configure:13054: checking for timezone variable access
configure:13067: gcc -std=gnu99 -c -g -O2  conftest.c >&5
configure:13067: $? = 0
configure:13069: result: yes
configure:13078: checking for designated initializers
configure:13094: gcc -std=gnu99 -c -g -O2  conftest.c >&5
configure:13094: $? = 0
configure:13096: result: yes
configure:13131: gcc -std=gnu99 -o conftest -g -O2   conftest.c  >&5
configure:13131: $? = 0
configure:13131: ./conftest
configure:13131: $? = 0
configure:13161: gcc -std=gnu99 -o conftest -g -O2   conftest.c  >&5
configure:13161: $? = 0
configure:13161: ./conftest
configure:13161: $? = 0
configure:13191: gcc -std=gnu99 -o conftest -g -O2   conftest.c  >&5
configure:13191: $? = 0
configure:13191: ./conftest
configure:13191: $? = 1
configure: program exited with status 1
configure: failed program was:
| /* confdefs.h */
| #define PACKAGE_NAME "GNU Cobol"
| #define PACKAGE_TARNAME "gnu-cobol"
| #define PACKAGE_VERSION "2.0"
| #define PACKAGE_STRING "GNU Cobol 2.0"
| #define PACKAGE_BUGREPORT "open-cobol-list@lists.sourceforge.net"
| #define PACKAGE_URL "http://www.opencobol.org"
| #define PACKAGE "gnu-cobol"
| #define VERSION "2.0"
| #define STDC_HEADERS 1
| #define HAVE_SYS_TYPES_H 1
| #define HAVE_SYS_STAT_H 1
| #define HAVE_STDLIB_H 1
| #define HAVE_STRING_H 1
| #define HAVE_MEMORY_H 1
| #define HAVE_STRINGS_H 1
| #define HAVE_INTTYPES_H 1
| #define HAVE_STDINT_H 1
| #define HAVE_UNISTD_H 1
| #define __EXTENSIONS__ 1
| #define _ALL_SOURCE 1
| #define _GNU_SOURCE 1
| #define _POSIX_PTHREAD_SEMANTICS 1
| #define _TANDEM_SOURCE 1
| #define HAVE_DLFCN_H 1
| #define LT_OBJDIR ".libs/"
| #define STDC_HEADERS 1
| #define HAVE_STDINT_H 1
| #define HAVE_SYS_TYPES_H 1
| #define HAVE_SIGNAL_H 1
| #define HAVE_FCNTL_H 1
| #define HAVE_MALLOC_H 1
| #define HAVE_LOCALE_H 1
| #define HAVE_STDDEF_H 1
| #define HAVE_WCHAR_H 1
| #define HAVE_DLFCN_H 1
| #define HAVE_SYS_TIME_H 1
| #define HAVE_SIG_ATOMIC_T 1
| #define COB_KEYWORD_INLINE __inline
| #define HAVE_ALLOCA_H 1
| #define HAVE_ALLOCA 1
| #define HAVE_VPRINTF 1
| #define HAVE_MEMMOVE 1
| #define HAVE_MEMSET 1
| #define HAVE_SETLOCALE 1
| #define HAVE_FCNTL 1
| #define HAVE_STRERROR 1
| #define HAVE_STRCASECMP 1
| #define HAVE_STRCHR 1
| #define HAVE_STRRCHR 1
| #define HAVE_STRDUP 1
| #define HAVE_STRSTR 1
| #define HAVE_STRTOL 1
| #define HAVE_GETTIMEOFDAY 1
| #define HAVE_LOCALECONV 1
| #define HAVE_READLINK 1
| #define HAVE_CANONICALIZE_FILE_NAME 1
| #define HAVE_REALPATH 1
| #define HAVE_STRCOLL 1
| #define HAVE_STRXFRM 1
| #define HAVE_TIMEZONE 1
| #define HAVE_DESIGNATED_INITS 1
| /* end confdefs.h.  */
| 
| int
| main ()
| {
| 
| 	#ifdef __INTEL_COMPILER
| 	return 0;
| 	#else
| 	return 1;
| 	#endif
|   ;
|   return 0;
| }
configure:13550: checking gmp.h usability
configure:13550: gcc -std=gnu99 -c -g -O2  conftest.c >&5
configure:13550: $? = 0
configure:13550: result: yes
configure:13550: checking gmp.h presence
configure:13550: gcc -std=gnu99 -E  conftest.c
configure:13550: $? = 0
configure:13550: result: yes
configure:13550: checking for gmp.h
configure:13550: result: yes
configure:13563: checking for __gmpz_init in -lgmp
configure:13588: gcc -std=gnu99 -o conftest -g -O2   conftest.c -lgmp   >&5
configure:13588: $? = 0
configure:13597: result: yes
configure:13643: gcc -std=gnu99 -o conftest -g -O2   conftest.c  -lgmp >&5
configure:13643: $? = 0
configure:13643: ./conftest
configure:13643: $? = 0
configure:13655: checking for raise
configure:13668: gcc -std=gnu99 -o conftest -g -O2   conftest.c  >&5
configure:13668: $? = 0
configure:13670: result: yes
configure:13680: checking for nanosleep
configure:13693: gcc -std=gnu99 -o conftest -g -O2   conftest.c  >&5
configure:13693: $? = 0
configure:13695: result: yes
configure:13815: checking for fdatasync
configure:13815: gcc -std=gnu99 -o conftest -g -O2   conftest.c  >&5
configure:13815: $? = 0
configure:13815: result: yes
configure:13815: checking for sigaction
configure:13815: gcc -std=gnu99 -o conftest -g -O2   conftest.c  >&5
configure:13815: $? = 0
configure:13815: result: yes
configure:13859: gcc -std=gnu99 -o conftest -g -O2   conftest.c  >&5
configure:13859: $? = 0
configure:13859: ./conftest
configure:13859: $? = 1
configure: program exited with status 1
configure: failed program was:
| /* confdefs.h */
| #define PACKAGE_NAME "GNU Cobol"
| #define PACKAGE_TARNAME "gnu-cobol"
| #define PACKAGE_VERSION "2.0"
| #define PACKAGE_STRING "GNU Cobol 2.0"
| #define PACKAGE_BUGREPORT "open-cobol-list@lists.sourceforge.net"
| #define PACKAGE_URL "http://www.opencobol.org"
| #define PACKAGE "gnu-cobol"
| #define VERSION "2.0"
| #define STDC_HEADERS 1
| #define HAVE_SYS_TYPES_H 1
| #define HAVE_SYS_STAT_H 1
| #define HAVE_STDLIB_H 1
| #define HAVE_STRING_H 1
| #define HAVE_MEMORY_H 1
| #define HAVE_STRINGS_H 1
| #define HAVE_INTTYPES_H 1
| #define HAVE_STDINT_H 1
| #define HAVE_UNISTD_H 1
| #define __EXTENSIONS__ 1
| #define _ALL_SOURCE 1
| #define _GNU_SOURCE 1
| #define _POSIX_PTHREAD_SEMANTICS 1
| #define _TANDEM_SOURCE 1
| #define HAVE_DLFCN_H 1
| #define LT_OBJDIR ".libs/"
| #define STDC_HEADERS 1
| #define HAVE_STDINT_H 1
| #define HAVE_SYS_TYPES_H 1
| #define HAVE_SIGNAL_H 1
| #define HAVE_FCNTL_H 1
| #define HAVE_MALLOC_H 1
| #define HAVE_LOCALE_H 1
| #define HAVE_STDDEF_H 1
| #define HAVE_WCHAR_H 1
| #define HAVE_DLFCN_H 1
| #define HAVE_SYS_TIME_H 1
| #define HAVE_SIG_ATOMIC_T 1
| #define COB_KEYWORD_INLINE __inline
| #define HAVE_ALLOCA_H 1
| #define HAVE_ALLOCA 1
| #define HAVE_VPRINTF 1
| #define HAVE_MEMMOVE 1
| #define HAVE_MEMSET 1
| #define HAVE_SETLOCALE 1
| #define HAVE_FCNTL 1
| #define HAVE_STRERROR 1
| #define HAVE_STRCASECMP 1
| #define HAVE_STRCHR 1
| #define HAVE_STRRCHR 1
| #define HAVE_STRDUP 1
| #define HAVE_STRSTR 1
| #define HAVE_STRTOL 1
| #define HAVE_GETTIMEOFDAY 1
| #define HAVE_LOCALECONV 1
| #define HAVE_READLINK 1
| #define HAVE_CANONICALIZE_FILE_NAME 1
| #define HAVE_REALPATH 1
| #define HAVE_STRCOLL 1
| #define HAVE_STRXFRM 1
| #define HAVE_TIMEZONE 1
| #define HAVE_DESIGNATED_INITS 1
| #define PATCH_LEVEL 0
| #define WITH_VARSEQ 0
| #define HAVE_GMP_H 1
| #define HAVE_RAISE 1
| #define HAVE_NANO_SLEEP 1
| #define HAVE_FDATASYNC 1
| #define HAVE_SIGACTION 1
| /* end confdefs.h.  */
| 
| int
| main ()
| {
| 
| 	#ifdef __CYGWIN__
| 	return 0;
| 	#else
| 	return 1;
| 	#endif
|   ;
|   return 0;
| }
configure:13868: checking whether NLS is requested
configure:13877: result: yes
configure:13918: checking for msgfmt
configure: trying /usr/bin/msgfmt...
0 translated messages.
configure:13950: result: /usr/bin/msgfmt
configure:13959: checking for gmsgfmt
configure:13990: result: /usr/bin/msgfmt
configure:14041: checking for xgettext
configure: trying /usr/bin/xgettext...
/usr/bin/xgettext: warning: file `/dev/null' extension `' is unknown; will try C
configure:14073: result: /usr/bin/xgettext
configure:14119: checking for msgmerge
configure: trying /usr/bin/msgmerge...
configure:14150: result: /usr/bin/msgmerge
configure:14665: checking for CFPreferencesCopyAppValue
configure:14692: result: no
configure:14699: checking for CFLocaleCopyCurrent
configure:14726: result: no
configure:14775: checking for GNU gettext in libc
configure:14795: gcc -std=gnu99 -o conftest -g -O2   conftest.c  >&5
configure:14795: $? = 0
configure:14804: result: yes
configure:15550: checking whether to use NLS
configure:15552: result: yes
configure:15555: checking where the gettext function comes from
configure:15566: result: libc
configure:15633: checking for nl_langinfo and CODESET
configure:15649: gcc -std=gnu99 -o conftest -g -O2   conftest.c  >&5
configure:15649: $? = 0
configure:15658: result: yes
configure:15670: checking for initscr in -lncursesw
configure:15695: gcc -std=gnu99 -o conftest -g -O2   conftest.c -lncursesw   >&5
/usr/bin/ld: cannot find -lncursesw
collect2: error: ld returned 1 exit status
configure:15695: $? = 1
configure: failed program was:
| /* confdefs.h */
| #define PACKAGE_NAME "GNU Cobol"
| #define PACKAGE_TARNAME "gnu-cobol"
| #define PACKAGE_VERSION "2.0"
| #define PACKAGE_STRING "GNU Cobol 2.0"
| #define PACKAGE_BUGREPORT "open-cobol-list@lists.sourceforge.net"
| #define PACKAGE_URL "http://www.opencobol.org"
| #define PACKAGE "gnu-cobol"
| #define VERSION "2.0"
| #define STDC_HEADERS 1
| #define HAVE_SYS_TYPES_H 1
| #define HAVE_SYS_STAT_H 1
| #define HAVE_STDLIB_H 1
| #define HAVE_STRING_H 1
| #define HAVE_MEMORY_H 1
| #define HAVE_STRINGS_H 1
| #define HAVE_INTTYPES_H 1
| #define HAVE_STDINT_H 1
| #define HAVE_UNISTD_H 1
| #define __EXTENSIONS__ 1
| #define _ALL_SOURCE 1
| #define _GNU_SOURCE 1
| #define _POSIX_PTHREAD_SEMANTICS 1
| #define _TANDEM_SOURCE 1
| #define HAVE_DLFCN_H 1
| #define LT_OBJDIR ".libs/"
| #define STDC_HEADERS 1
| #define HAVE_STDINT_H 1
| #define HAVE_SYS_TYPES_H 1
| #define HAVE_SIGNAL_H 1
| #define HAVE_FCNTL_H 1
| #define HAVE_MALLOC_H 1
| #define HAVE_LOCALE_H 1
| #define HAVE_STDDEF_H 1
| #define HAVE_WCHAR_H 1
| #define HAVE_DLFCN_H 1
| #define HAVE_SYS_TIME_H 1
| #define HAVE_SIG_ATOMIC_T 1
| #define COB_KEYWORD_INLINE __inline
| #define HAVE_ALLOCA_H 1
| #define HAVE_ALLOCA 1
| #define HAVE_VPRINTF 1
| #define HAVE_MEMMOVE 1
| #define HAVE_MEMSET 1
| #define HAVE_SETLOCALE 1
| #define HAVE_FCNTL 1
| #define HAVE_STRERROR 1
| #define HAVE_STRCASECMP 1
| #define HAVE_STRCHR 1
| #define HAVE_STRRCHR 1
| #define HAVE_STRDUP 1
| #define HAVE_STRSTR 1
| #define HAVE_STRTOL 1
| #define HAVE_GETTIMEOFDAY 1
| #define HAVE_LOCALECONV 1
| #define HAVE_READLINK 1
| #define HAVE_CANONICALIZE_FILE_NAME 1
| #define HAVE_REALPATH 1
| #define HAVE_STRCOLL 1
| #define HAVE_STRXFRM 1
| #define HAVE_TIMEZONE 1
| #define HAVE_DESIGNATED_INITS 1
| #define PATCH_LEVEL 0
| #define WITH_VARSEQ 0
| #define HAVE_GMP_H 1
| #define HAVE_RAISE 1
| #define HAVE_NANO_SLEEP 1
| #define HAVE_FDATASYNC 1
| #define HAVE_SIGACTION 1
| #define ENABLE_NLS 1
| #define HAVE_GETTEXT 1
| #define HAVE_DCGETTEXT 1
| #define HAVE_LANGINFO_CODESET 1
| /* end confdefs.h.  */
| 
| /* Override any GCC internal prototype to avoid an error.
|    Use char because int might match the return type of a GCC
|    builtin and then its argument prototype would still apply.  */
| #ifdef __cplusplus
| extern "C"
| #endif
| char initscr ();
| int
| main ()
| {
| return initscr ();
|   ;
|   return 0;
| }
configure:15704: result: no
configure:15752: checking for initscr in -lncurses
configure:15777: gcc -std=gnu99 -o conftest -g -O2   conftest.c -lncurses   >&5
/usr/bin/ld: cannot find -lncurses
collect2: error: ld returned 1 exit status
configure:15777: $? = 1
configure: failed program was:
| /* confdefs.h */
| #define PACKAGE_NAME "GNU Cobol"
| #define PACKAGE_TARNAME "gnu-cobol"
| #define PACKAGE_VERSION "2.0"
| #define PACKAGE_STRING "GNU Cobol 2.0"
| #define PACKAGE_BUGREPORT "open-cobol-list@lists.sourceforge.net"
| #define PACKAGE_URL "http://www.opencobol.org"
| #define PACKAGE "gnu-cobol"
| #define VERSION "2.0"
| #define STDC_HEADERS 1
| #define HAVE_SYS_TYPES_H 1
| #define HAVE_SYS_STAT_H 1
| #define HAVE_STDLIB_H 1
| #define HAVE_STRING_H 1
| #define HAVE_MEMORY_H 1
| #define HAVE_STRINGS_H 1
| #define HAVE_INTTYPES_H 1
| #define HAVE_STDINT_H 1
| #define HAVE_UNISTD_H 1
| #define __EXTENSIONS__ 1
| #define _ALL_SOURCE 1
| #define _GNU_SOURCE 1
| #define _POSIX_PTHREAD_SEMANTICS 1
| #define _TANDEM_SOURCE 1
| #define HAVE_DLFCN_H 1
| #define LT_OBJDIR ".libs/"
| #define STDC_HEADERS 1
| #define HAVE_STDINT_H 1
| #define HAVE_SYS_TYPES_H 1
| #define HAVE_SIGNAL_H 1
| #define HAVE_FCNTL_H 1
| #define HAVE_MALLOC_H 1
| #define HAVE_LOCALE_H 1
| #define HAVE_STDDEF_H 1
| #define HAVE_WCHAR_H 1
| #define HAVE_DLFCN_H 1
| #define HAVE_SYS_TIME_H 1
| #define HAVE_SIG_ATOMIC_T 1
| #define COB_KEYWORD_INLINE __inline
| #define HAVE_ALLOCA_H 1
| #define HAVE_ALLOCA 1
| #define HAVE_VPRINTF 1
| #define HAVE_MEMMOVE 1
| #define HAVE_MEMSET 1
| #define HAVE_SETLOCALE 1
| #define HAVE_FCNTL 1
| #define HAVE_STRERROR 1
| #define HAVE_STRCASECMP 1
| #define HAVE_STRCHR 1
| #define HAVE_STRRCHR 1
| #define HAVE_STRDUP 1
| #define HAVE_STRSTR 1
| #define HAVE_STRTOL 1
| #define HAVE_GETTIMEOFDAY 1
| #define HAVE_LOCALECONV 1
| #define HAVE_READLINK 1
| #define HAVE_CANONICALIZE_FILE_NAME 1
| #define HAVE_REALPATH 1
| #define HAVE_STRCOLL 1
| #define HAVE_STRXFRM 1
| #define HAVE_TIMEZONE 1
| #define HAVE_DESIGNATED_INITS 1
| #define PATCH_LEVEL 0
| #define WITH_VARSEQ 0
| #define HAVE_GMP_H 1
| #define HAVE_RAISE 1
| #define HAVE_NANO_SLEEP 1
| #define HAVE_FDATASYNC 1
| #define HAVE_SIGACTION 1
| #define ENABLE_NLS 1
| #define HAVE_GETTEXT 1
| #define HAVE_DCGETTEXT 1
| #define HAVE_LANGINFO_CODESET 1
| /* end confdefs.h.  */
| 
| /* Override any GCC internal prototype to avoid an error.
|    Use char because int might match the return type of a GCC
|    builtin and then its argument prototype would still apply.  */
| #ifdef __cplusplus
| extern "C"
| #endif
| char initscr ();
| int
| main ()
| {
| return initscr ();
|   ;
|   return 0;
| }
configure:15786: result: no
configure:15846: checking for initscr in -lpdcurses
configure:15871: gcc -std=gnu99 -o conftest -g -O2   conftest.c -lpdcurses   >&5
/usr/bin/ld: cannot find -lpdcurses
collect2: error: ld returned 1 exit status
configure:15871: $? = 1
configure: failed program was:
| /* confdefs.h */
| #define PACKAGE_NAME "GNU Cobol"
| #define PACKAGE_TARNAME "gnu-cobol"
| #define PACKAGE_VERSION "2.0"
| #define PACKAGE_STRING "GNU Cobol 2.0"
| #define PACKAGE_BUGREPORT "open-cobol-list@lists.sourceforge.net"
| #define PACKAGE_URL "http://www.opencobol.org"
| #define PACKAGE "gnu-cobol"
| #define VERSION "2.0"
| #define STDC_HEADERS 1
| #define HAVE_SYS_TYPES_H 1
| #define HAVE_SYS_STAT_H 1
| #define HAVE_STDLIB_H 1
| #define HAVE_STRING_H 1
| #define HAVE_MEMORY_H 1
| #define HAVE_STRINGS_H 1
| #define HAVE_INTTYPES_H 1
| #define HAVE_STDINT_H 1
| #define HAVE_UNISTD_H 1
| #define __EXTENSIONS__ 1
| #define _ALL_SOURCE 1
| #define _GNU_SOURCE 1
| #define _POSIX_PTHREAD_SEMANTICS 1
| #define _TANDEM_SOURCE 1
| #define HAVE_DLFCN_H 1
| #define LT_OBJDIR ".libs/"
| #define STDC_HEADERS 1
| #define HAVE_STDINT_H 1
| #define HAVE_SYS_TYPES_H 1
| #define HAVE_SIGNAL_H 1
| #define HAVE_FCNTL_H 1
| #define HAVE_MALLOC_H 1
| #define HAVE_LOCALE_H 1
| #define HAVE_STDDEF_H 1
| #define HAVE_WCHAR_H 1
| #define HAVE_DLFCN_H 1
| #define HAVE_SYS_TIME_H 1
| #define HAVE_SIG_ATOMIC_T 1
| #define COB_KEYWORD_INLINE __inline
| #define HAVE_ALLOCA_H 1
| #define HAVE_ALLOCA 1
| #define HAVE_VPRINTF 1
| #define HAVE_MEMMOVE 1
| #define HAVE_MEMSET 1
| #define HAVE_SETLOCALE 1
| #define HAVE_FCNTL 1
| #define HAVE_STRERROR 1
| #define HAVE_STRCASECMP 1
| #define HAVE_STRCHR 1
| #define HAVE_STRRCHR 1
| #define HAVE_STRDUP 1
| #define HAVE_STRSTR 1
| #define HAVE_STRTOL 1
| #define HAVE_GETTIMEOFDAY 1
| #define HAVE_LOCALECONV 1
| #define HAVE_READLINK 1
| #define HAVE_CANONICALIZE_FILE_NAME 1
| #define HAVE_REALPATH 1
| #define HAVE_STRCOLL 1
| #define HAVE_STRXFRM 1
| #define HAVE_TIMEZONE 1
| #define HAVE_DESIGNATED_INITS 1
| #define PATCH_LEVEL 0
| #define WITH_VARSEQ 0
| #define HAVE_GMP_H 1
| #define HAVE_RAISE 1
| #define HAVE_NANO_SLEEP 1
| #define HAVE_FDATASYNC 1
| #define HAVE_SIGACTION 1
| #define ENABLE_NLS 1
| #define HAVE_GETTEXT 1
| #define HAVE_DCGETTEXT 1
| #define HAVE_LANGINFO_CODESET 1
| /* end confdefs.h.  */
| 
| /* Override any GCC internal prototype to avoid an error.
|    Use char because int might match the return type of a GCC
|    builtin and then its argument prototype would still apply.  */
| #ifdef __cplusplus
| extern "C"
| #endif
| char initscr ();
| int
| main ()
| {
| return initscr ();
|   ;
|   return 0;
| }
configure:15880: result: no
configure:15923: checking for initscr in -lcurses
configure:15948: gcc -std=gnu99 -o conftest -g -O2   conftest.c -lcurses   >&5
/usr/bin/ld: cannot find -lcurses
collect2: error: ld returned 1 exit status
configure:15948: $? = 1
configure: failed program was:
| /* confdefs.h */
| #define PACKAGE_NAME "GNU Cobol"
| #define PACKAGE_TARNAME "gnu-cobol"
| #define PACKAGE_VERSION "2.0"
| #define PACKAGE_STRING "GNU Cobol 2.0"
| #define PACKAGE_BUGREPORT "open-cobol-list@lists.sourceforge.net"
| #define PACKAGE_URL "http://www.opencobol.org"
| #define PACKAGE "gnu-cobol"
| #define VERSION "2.0"
| #define STDC_HEADERS 1
| #define HAVE_SYS_TYPES_H 1
| #define HAVE_SYS_STAT_H 1
| #define HAVE_STDLIB_H 1
| #define HAVE_STRING_H 1
| #define HAVE_MEMORY_H 1
| #define HAVE_STRINGS_H 1
| #define HAVE_INTTYPES_H 1
| #define HAVE_STDINT_H 1
| #define HAVE_UNISTD_H 1
| #define __EXTENSIONS__ 1
| #define _ALL_SOURCE 1
| #define _GNU_SOURCE 1
| #define _POSIX_PTHREAD_SEMANTICS 1
| #define _TANDEM_SOURCE 1
| #define HAVE_DLFCN_H 1
| #define LT_OBJDIR ".libs/"
| #define STDC_HEADERS 1
| #define HAVE_STDINT_H 1
| #define HAVE_SYS_TYPES_H 1
| #define HAVE_SIGNAL_H 1
| #define HAVE_FCNTL_H 1
| #define HAVE_MALLOC_H 1
| #define HAVE_LOCALE_H 1
| #define HAVE_STDDEF_H 1
| #define HAVE_WCHAR_H 1
| #define HAVE_DLFCN_H 1
| #define HAVE_SYS_TIME_H 1
| #define HAVE_SIG_ATOMIC_T 1
| #define COB_KEYWORD_INLINE __inline
| #define HAVE_ALLOCA_H 1
| #define HAVE_ALLOCA 1
| #define HAVE_VPRINTF 1
| #define HAVE_MEMMOVE 1
| #define HAVE_MEMSET 1
| #define HAVE_SETLOCALE 1
| #define HAVE_FCNTL 1
| #define HAVE_STRERROR 1
| #define HAVE_STRCASECMP 1
| #define HAVE_STRCHR 1
| #define HAVE_STRRCHR 1
| #define HAVE_STRDUP 1
| #define HAVE_STRSTR 1
| #define HAVE_STRTOL 1
| #define HAVE_GETTIMEOFDAY 1
| #define HAVE_LOCALECONV 1
| #define HAVE_READLINK 1
| #define HAVE_CANONICALIZE_FILE_NAME 1
| #define HAVE_REALPATH 1
| #define HAVE_STRCOLL 1
| #define HAVE_STRXFRM 1
| #define HAVE_TIMEZONE 1
| #define HAVE_DESIGNATED_INITS 1
| #define PATCH_LEVEL 0
| #define WITH_VARSEQ 0
| #define HAVE_GMP_H 1
| #define HAVE_RAISE 1
| #define HAVE_NANO_SLEEP 1
| #define HAVE_FDATASYNC 1
| #define HAVE_SIGACTION 1
| #define ENABLE_NLS 1
| #define HAVE_GETTEXT 1
| #define HAVE_DCGETTEXT 1
| #define HAVE_LANGINFO_CODESET 1
| /* end confdefs.h.  */
| 
| /* Override any GCC internal prototype to avoid an error.
|    Use char because int might match the return type of a GCC
|    builtin and then its argument prototype would still apply.  */
| #ifdef __cplusplus
| extern "C"
| #endif
| char initscr ();
| int
| main ()
| {
| return initscr ();
|   ;
|   return 0;
| }
configure:15957: result: no
configure:16118: gcc -std=gnu99 -o conftest -g -O2   conftest.c  >&5
configure:16118: $? = 0
configure:16118: ./conftest
configure:16118: $? = 0
configure:16150: gcc -std=gnu99 -o conftest -g -O2   conftest.c  >&5
configure:16150: $? = 0
configure:16150: ./conftest
configure:16150: $? = 0
configure:16165: checking for Berkeley DB library with version 5.1
configure:16194: gcc -std=gnu99 -o conftest -g -O2   conftest.c  -ldb >&5
configure:16194: $? = 0
configure:16194: ./conftest
configure:16194: $? = 0
configure:16209: result: yes
configure:16211: BDB library version 5.1 found as -ldb
configure:16248: gcc -std=gnu99 -o conftest -g -O2   conftest.c  >&5
configure:16248: $? = 0
configure:16248: ./conftest
configure:16248: $? = 1
configure: program exited with status 1
configure: failed program was:
| /* confdefs.h */
| #define PACKAGE_NAME "GNU Cobol"
| #define PACKAGE_TARNAME "gnu-cobol"
| #define PACKAGE_VERSION "2.0"
| #define PACKAGE_STRING "GNU Cobol 2.0"
| #define PACKAGE_BUGREPORT "open-cobol-list@lists.sourceforge.net"
| #define PACKAGE_URL "http://www.opencobol.org"
| #define PACKAGE "gnu-cobol"
| #define VERSION "2.0"
| #define STDC_HEADERS 1
| #define HAVE_SYS_TYPES_H 1
| #define HAVE_SYS_STAT_H 1
| #define HAVE_STDLIB_H 1
| #define HAVE_STRING_H 1
| #define HAVE_MEMORY_H 1
| #define HAVE_STRINGS_H 1
| #define HAVE_INTTYPES_H 1
| #define HAVE_STDINT_H 1
| #define HAVE_UNISTD_H 1
| #define __EXTENSIONS__ 1
| #define _ALL_SOURCE 1
| #define _GNU_SOURCE 1
| #define _POSIX_PTHREAD_SEMANTICS 1
| #define _TANDEM_SOURCE 1
| #define HAVE_DLFCN_H 1
| #define LT_OBJDIR ".libs/"
| #define STDC_HEADERS 1
| #define HAVE_STDINT_H 1
| #define HAVE_SYS_TYPES_H 1
| #define HAVE_SIGNAL_H 1
| #define HAVE_FCNTL_H 1
| #define HAVE_MALLOC_H 1
| #define HAVE_LOCALE_H 1
| #define HAVE_STDDEF_H 1
| #define HAVE_WCHAR_H 1
| #define HAVE_DLFCN_H 1
| #define HAVE_SYS_TIME_H 1
| #define HAVE_SIG_ATOMIC_T 1
| #define COB_KEYWORD_INLINE __inline
| #define HAVE_ALLOCA_H 1
| #define HAVE_ALLOCA 1
| #define HAVE_VPRINTF 1
| #define HAVE_MEMMOVE 1
| #define HAVE_MEMSET 1
| #define HAVE_SETLOCALE 1
| #define HAVE_FCNTL 1
| #define HAVE_STRERROR 1
| #define HAVE_STRCASECMP 1
| #define HAVE_STRCHR 1
| #define HAVE_STRRCHR 1
| #define HAVE_STRDUP 1
| #define HAVE_STRSTR 1
| #define HAVE_STRTOL 1
| #define HAVE_GETTIMEOFDAY 1
| #define HAVE_LOCALECONV 1
| #define HAVE_READLINK 1
| #define HAVE_CANONICALIZE_FILE_NAME 1
| #define HAVE_REALPATH 1
| #define HAVE_STRCOLL 1
| #define HAVE_STRXFRM 1
| #define HAVE_TIMEZONE 1
| #define HAVE_DESIGNATED_INITS 1
| #define PATCH_LEVEL 0
| #define WITH_VARSEQ 0
| #define HAVE_GMP_H 1
| #define HAVE_RAISE 1
| #define HAVE_NANO_SLEEP 1
| #define HAVE_FDATASYNC 1
| #define HAVE_SIGACTION 1
| #define ENABLE_NLS 1
| #define HAVE_GETTEXT 1
| #define HAVE_DCGETTEXT 1
| #define HAVE_LANGINFO_CODESET 1
| #define WITH_DB 1
| /* end confdefs.h.  */
| 
| int
| main ()
| {
| 
| 	#ifdef _WIN32
| 	return 0;
| 	#else
| 	return 1;
| 	#endif
|   ;
|   return 0;
| }
configure:16260: checking for dlopen in -lc
configure:16285: gcc -std=gnu99 -o conftest -g -O2   conftest.c -lc   >&5
/tmp/cczIk01h.o: In function `main':
/home/adger/GitHub/tmp/gnu-cobol-2.0/conftest.c:87: undefined reference to `dlopen'
collect2: error: ld returned 1 exit status
configure:16285: $? = 1
configure: failed program was:
| /* confdefs.h */
| #define PACKAGE_NAME "GNU Cobol"
| #define PACKAGE_TARNAME "gnu-cobol"
| #define PACKAGE_VERSION "2.0"
| #define PACKAGE_STRING "GNU Cobol 2.0"
| #define PACKAGE_BUGREPORT "open-cobol-list@lists.sourceforge.net"
| #define PACKAGE_URL "http://www.opencobol.org"
| #define PACKAGE "gnu-cobol"
| #define VERSION "2.0"
| #define STDC_HEADERS 1
| #define HAVE_SYS_TYPES_H 1
| #define HAVE_SYS_STAT_H 1
| #define HAVE_STDLIB_H 1
| #define HAVE_STRING_H 1
| #define HAVE_MEMORY_H 1
| #define HAVE_STRINGS_H 1
| #define HAVE_INTTYPES_H 1
| #define HAVE_STDINT_H 1
| #define HAVE_UNISTD_H 1
| #define __EXTENSIONS__ 1
| #define _ALL_SOURCE 1
| #define _GNU_SOURCE 1
| #define _POSIX_PTHREAD_SEMANTICS 1
| #define _TANDEM_SOURCE 1
| #define HAVE_DLFCN_H 1
| #define LT_OBJDIR ".libs/"
| #define STDC_HEADERS 1
| #define HAVE_STDINT_H 1
| #define HAVE_SYS_TYPES_H 1
| #define HAVE_SIGNAL_H 1
| #define HAVE_FCNTL_H 1
| #define HAVE_MALLOC_H 1
| #define HAVE_LOCALE_H 1
| #define HAVE_STDDEF_H 1
| #define HAVE_WCHAR_H 1
| #define HAVE_DLFCN_H 1
| #define HAVE_SYS_TIME_H 1
| #define HAVE_SIG_ATOMIC_T 1
| #define COB_KEYWORD_INLINE __inline
| #define HAVE_ALLOCA_H 1
| #define HAVE_ALLOCA 1
| #define HAVE_VPRINTF 1
| #define HAVE_MEMMOVE 1
| #define HAVE_MEMSET 1
| #define HAVE_SETLOCALE 1
| #define HAVE_FCNTL 1
| #define HAVE_STRERROR 1
| #define HAVE_STRCASECMP 1
| #define HAVE_STRCHR 1
| #define HAVE_STRRCHR 1
| #define HAVE_STRDUP 1
| #define HAVE_STRSTR 1
| #define HAVE_STRTOL 1
| #define HAVE_GETTIMEOFDAY 1
| #define HAVE_LOCALECONV 1
| #define HAVE_READLINK 1
| #define HAVE_CANONICALIZE_FILE_NAME 1
| #define HAVE_REALPATH 1
| #define HAVE_STRCOLL 1
| #define HAVE_STRXFRM 1
| #define HAVE_TIMEZONE 1
| #define HAVE_DESIGNATED_INITS 1
| #define PATCH_LEVEL 0
| #define WITH_VARSEQ 0
| #define HAVE_GMP_H 1
| #define HAVE_RAISE 1
| #define HAVE_NANO_SLEEP 1
| #define HAVE_FDATASYNC 1
| #define HAVE_SIGACTION 1
| #define ENABLE_NLS 1
| #define HAVE_GETTEXT 1
| #define HAVE_DCGETTEXT 1
| #define HAVE_LANGINFO_CODESET 1
| #define WITH_DB 1
| /* end confdefs.h.  */
| 
| /* Override any GCC internal prototype to avoid an error.
|    Use char because int might match the return type of a GCC
|    builtin and then its argument prototype would still apply.  */
| #ifdef __cplusplus
| extern "C"
| #endif
| char dlopen ();
| int
| main ()
| {
| return dlopen ();
|   ;
|   return 0;
| }
configure:16294: result: no
configure:16302: checking for dlopen in -ldl
configure:16336: result: yes
configure:16347: checking for dladdr in -ldl
configure:16372: gcc -std=gnu99 -o conftest -g -O2   conftest.c -ldl   >&5
configure:16372: $? = 0
configure:16381: result: yes
configure:16586: checking for working strftime
configure:16618: gcc -std=gnu99 -o conftest -g -O2   conftest.c  >&5
configure:16618: $? = 0
configure:16618: ./conftest
configure:16618: $? = 0
configure:16620: result: yes
configure:16632: checking if size of long int = size of long long
configure:16655: gcc -std=gnu99 -o conftest -g -O2   conftest.c  >&5
configure:16655: $? = 0
configure:16655: ./conftest
configure:16655: $? = 1
configure: program exited with status 1
configure: failed program was:
| /* confdefs.h */
| #define PACKAGE_NAME "GNU Cobol"
| #define PACKAGE_TARNAME "gnu-cobol"
| #define PACKAGE_VERSION "2.0"
| #define PACKAGE_STRING "GNU Cobol 2.0"
| #define PACKAGE_BUGREPORT "open-cobol-list@lists.sourceforge.net"
| #define PACKAGE_URL "http://www.opencobol.org"
| #define PACKAGE "gnu-cobol"
| #define VERSION "2.0"
| #define STDC_HEADERS 1
| #define HAVE_SYS_TYPES_H 1
| #define HAVE_SYS_STAT_H 1
| #define HAVE_STDLIB_H 1
| #define HAVE_STRING_H 1
| #define HAVE_MEMORY_H 1
| #define HAVE_STRINGS_H 1
| #define HAVE_INTTYPES_H 1
| #define HAVE_STDINT_H 1
| #define HAVE_UNISTD_H 1
| #define __EXTENSIONS__ 1
| #define _ALL_SOURCE 1
| #define _GNU_SOURCE 1
| #define _POSIX_PTHREAD_SEMANTICS 1
| #define _TANDEM_SOURCE 1
| #define HAVE_DLFCN_H 1
| #define LT_OBJDIR ".libs/"
| #define STDC_HEADERS 1
| #define HAVE_STDINT_H 1
| #define HAVE_SYS_TYPES_H 1
| #define HAVE_SIGNAL_H 1
| #define HAVE_FCNTL_H 1
| #define HAVE_MALLOC_H 1
| #define HAVE_LOCALE_H 1
| #define HAVE_STDDEF_H 1
| #define HAVE_WCHAR_H 1
| #define HAVE_DLFCN_H 1
| #define HAVE_SYS_TIME_H 1
| #define HAVE_SIG_ATOMIC_T 1
| #define COB_KEYWORD_INLINE __inline
| #define HAVE_ALLOCA_H 1
| #define HAVE_ALLOCA 1
| #define HAVE_VPRINTF 1
| #define HAVE_MEMMOVE 1
| #define HAVE_MEMSET 1
| #define HAVE_SETLOCALE 1
| #define HAVE_FCNTL 1
| #define HAVE_STRERROR 1
| #define HAVE_STRCASECMP 1
| #define HAVE_STRCHR 1
| #define HAVE_STRRCHR 1
| #define HAVE_STRDUP 1
| #define HAVE_STRSTR 1
| #define HAVE_STRTOL 1
| #define HAVE_GETTIMEOFDAY 1
| #define HAVE_LOCALECONV 1
| #define HAVE_READLINK 1
| #define HAVE_CANONICALIZE_FILE_NAME 1
| #define HAVE_REALPATH 1
| #define HAVE_STRCOLL 1
| #define HAVE_STRXFRM 1
| #define HAVE_TIMEZONE 1
| #define HAVE_DESIGNATED_INITS 1
| #define PATCH_LEVEL 0
| #define WITH_VARSEQ 0
| #define HAVE_GMP_H 1
| #define HAVE_RAISE 1
| #define HAVE_NANO_SLEEP 1
| #define HAVE_FDATASYNC 1
| #define HAVE_SIGACTION 1
| #define ENABLE_NLS 1
| #define HAVE_GETTEXT 1
| #define HAVE_DCGETTEXT 1
| #define HAVE_LANGINFO_CODESET 1
| #define WITH_DB 1
| #define USE_LIBDL 1
| #define HAVE_DLADDR 1
| #define COB_STRFTIME 1
| /* end confdefs.h.  */
| 
| int
| main ()
| {
| 
| 	if (sizeof(long int) == sizeof(long long))
| 		return 0;
| 	return 1;
| 
|   ;
|   return 0;
| }
configure:16660: result: no
configure:16673: checking for gcc pointer sign option
configure:16686: gcc -std=gnu99 -c -g -O2 -Wno-pointer-sign  conftest.c >&5
configure:16686: $? = 0
configure:16688: result: yes
configure:16725: checking for aligned attribute
configure:16738: gcc -std=gnu99 -c -g -O2  conftest.c >&5
configure:16738: $? = 0
configure:16740: result: yes
configure:16909: checking for ld bind now option
configure:16922: gcc -std=gnu99 -o conftest -g -O2 -pipe   -Wl,-z,relro,-z,now,-O1 conftest.c  >&5
configure:16922: $? = 0
configure:16923: result: yes
configure:17168: creating ./config.status

## ---------------------- ##
## Running config.status. ##
## ---------------------- ##

This file was extended by GNU Cobol config.status 2.0, which was
generated by GNU Autoconf 2.68.  Invocation command line was

  CONFIG_FILES    = 
  CONFIG_HEADERS  = 
  CONFIG_LINKS    = 
  CONFIG_COMMANDS = 
  $ ./config.status 

on wheezy

config.status:1220: creating bin/cob-config
config.status:1220: creating Makefile
config.status:1220: creating libcob/Makefile
config.status:1220: creating cobc/Makefile
config.status:1220: creating bin/Makefile
config.status:1220: creating po/Makefile.in
config.status:1220: creating doc/Makefile
config.status:1220: creating config/Makefile
config.status:1220: creating copy/Makefile
config.status:1220: creating tests/atlocal
config.status:1220: creating tests/Makefile
config.status:1220: creating tests/cobol85/Makefile
config.status:1220: creating extras/Makefile
config.status:1220: creating config.h
config.status:1401: config.h is unchanged
config.status:1449: executing tests/atconfig commands
config.status:1449: executing depfiles commands
config.status:1449: executing libtool commands
config.status:1449: executing po-directories commands
config.status:1449: executing chmod1 commands
config.status:1449: executing chmod2 commands
config.status:1449: executing chmod3 commands

## ---------------- ##
## Cache variables. ##
## ---------------- ##

ac_cv_build=i686-pc-linux-gnu
ac_cv_c_bigendian=no
ac_cv_c_compiler_gnu=yes
ac_cv_c_const=yes
ac_cv_env_CC_set=
ac_cv_env_CC_value=
ac_cv_env_CFLAGS_set=
ac_cv_env_CFLAGS_value=
ac_cv_env_CPPFLAGS_set=
ac_cv_env_CPPFLAGS_value=
ac_cv_env_CPP_set=
ac_cv_env_CPP_value=
ac_cv_env_LDFLAGS_set=
ac_cv_env_LDFLAGS_value=
ac_cv_env_LIBS_set=
ac_cv_env_LIBS_value=
ac_cv_env_build_alias_set=
ac_cv_env_build_alias_value=
ac_cv_env_host_alias_set=
ac_cv_env_host_alias_value=
ac_cv_env_target_alias_set=
ac_cv_env_target_alias_value=
ac_cv_func__doprnt=no
ac_cv_func_alloca_works=yes
ac_cv_func_canonicalize_file_name=yes
ac_cv_func_dlopen=no
ac_cv_func_fcntl=yes
ac_cv_func_fdatasync=yes
ac_cv_func_getexecname=no
ac_cv_func_gettimeofday=yes
ac_cv_func_localeconv=yes
ac_cv_func_memmove=yes
ac_cv_func_memset=yes
ac_cv_func_readlink=yes
ac_cv_func_realpath=yes
ac_cv_func_setlocale=yes
ac_cv_func_shl_load=no
ac_cv_func_sigaction=yes
ac_cv_func_strcasecmp=yes
ac_cv_func_strchr=yes
ac_cv_func_strcoll=yes
ac_cv_func_strdup=yes
ac_cv_func_strerror=yes
ac_cv_func_strrchr=yes
ac_cv_func_strstr=yes
ac_cv_func_strtol=yes
ac_cv_func_strxfrm=yes
ac_cv_func_vprintf=yes
ac_cv_header_dlfcn_h=yes
ac_cv_header_fcntl_h=yes
ac_cv_header_gmp_h=yes
ac_cv_header_inttypes_h=yes
ac_cv_header_locale_h=yes
ac_cv_header_malloc_h=yes
ac_cv_header_memory_h=yes
ac_cv_header_minix_config_h=no
ac_cv_header_signal_h=yes
ac_cv_header_stdc=yes
ac_cv_header_stddef_h=yes
ac_cv_header_stdint_h=yes
ac_cv_header_stdlib_h=yes
ac_cv_header_string_h=yes
ac_cv_header_strings_h=yes
ac_cv_header_sys_stat_h=yes
ac_cv_header_sys_time_h=yes
ac_cv_header_sys_types_h=yes
ac_cv_header_unistd_h=yes
ac_cv_header_wchar_h=yes
ac_cv_host=i686-pc-linux-gnu
ac_cv_lib_c_dlopen=no
ac_cv_lib_curses_initscr=no
ac_cv_lib_dl_dladdr=yes
ac_cv_lib_dl_dlopen=yes
ac_cv_lib_dld_shl_load=no
ac_cv_lib_gmp___gmpz_init=yes
ac_cv_lib_ncurses_initscr=no
ac_cv_lib_ncursesw_initscr=no
ac_cv_lib_pdcurses_initscr=no
ac_cv_objext=o
ac_cv_path_EGREP='/bin/grep -E'
ac_cv_path_FGREP='/bin/grep -F'
ac_cv_path_GMSGFMT=/usr/bin/msgfmt
ac_cv_path_GREP=/bin/grep
ac_cv_path_MSGFMT=/usr/bin/msgfmt
ac_cv_path_MSGMERGE=/usr/bin/msgmerge
ac_cv_path_SED=/bin/sed
ac_cv_path_XGETTEXT=/usr/bin/xgettext
ac_cv_path_install='/usr/bin/install -c'
ac_cv_path_mkdir=/bin/mkdir
ac_cv_prog_AWK=mawk
ac_cv_prog_CPP='gcc -std=gnu99 -E'
ac_cv_prog_ac_ct_AR=ar
ac_cv_prog_ac_ct_CC=gcc
ac_cv_prog_ac_ct_MANIFEST_TOOL=mt
ac_cv_prog_ac_ct_OBJDUMP=objdump
ac_cv_prog_ac_ct_RANLIB=ranlib
ac_cv_prog_ac_ct_STRIP=strip
ac_cv_prog_cc_c89=
ac_cv_prog_cc_c99=-std=gnu99
ac_cv_prog_cc_g=yes
ac_cv_prog_cc_gcc_c_o=yes
ac_cv_prog_cc_stdc=-std=gnu99
ac_cv_prog_make_make_set=yes
ac_cv_safe_to_define___extensions__=yes
ac_cv_struct_tm=time.h
ac_cv_type_sig_atomic_t=yes
ac_cv_type_size_t=yes
ac_cv_working_alloca_h=yes
acl_cv_hardcode_direct=no
acl_cv_hardcode_libdir_flag_spec='${wl}-rpath ${wl}$libdir'
acl_cv_hardcode_libdir_separator=
acl_cv_hardcode_minus_L=no
acl_cv_libext=a
acl_cv_libname_spec='lib$name'
acl_cv_library_names_spec='$libname$shrext'
acl_cv_path_LD=/usr/bin/ld
acl_cv_prog_gnu_ld=yes
acl_cv_rpath=done
acl_cv_shlibext=so
acl_cv_wl=-Wl,
am_cv_CC_dependencies_compiler_type=gcc3
am_cv_langinfo_codeset=yes
gt_cv_func_CFLocaleCopyCurrent=no
gt_cv_func_CFPreferencesCopyAppValue=no
gt_cv_func_gnugettext1_libc=yes
lt_cv_ar_at_file=@
lt_cv_archive_cmds_need_lc=no
lt_cv_deplibs_check_method=pass_all
lt_cv_dlopen=dlopen
lt_cv_dlopen_libs=-ldl
lt_cv_dlopen_self=yes
lt_cv_dlopen_self_static=no
lt_cv_file_magic_cmd='$MAGIC_CMD'
lt_cv_file_magic_test_file=
lt_cv_ld_reload_flag=-r
lt_cv_nm_interface='BSD nm'
lt_cv_objdir=.libs
lt_cv_path_LD=/usr/bin/ld
lt_cv_path_NM='/usr/bin/nm -B'
lt_cv_path_mainfest_tool=no
lt_cv_prog_compiler_c_o=yes
lt_cv_prog_compiler_pic='-fPIC -DPIC'
lt_cv_prog_compiler_pic_works=yes
lt_cv_prog_compiler_rtti_exceptions=no
lt_cv_prog_compiler_static_works=yes
lt_cv_prog_gnu_ld=yes
lt_cv_sharedlib_from_linklib_cmd='printf %s\n'
lt_cv_shlibpath_overrides_runpath=no
lt_cv_sys_global_symbol_pipe='sed -n -e '\''s/^.*[	 ]\([ABCDGIRSTW][ABCDGIRSTW]*\)[	 ][	 ]*\([_A-Za-z][_A-Za-z0-9]*\)$/\1 \2 \2/p'\'' | sed '\''/ __gnu_lto/d'\'''
lt_cv_sys_global_symbol_to_c_name_address='sed -n -e '\''s/^: \([^ ]*\)[ ]*$/  {\"\1\", (void *) 0},/p'\'' -e '\''s/^[ABCDGIRSTW]* \([^ ]*\) \([^ ]*\)$/  {"\2", (void *) \&\2},/p'\'''
lt_cv_sys_global_symbol_to_c_name_address_lib_prefix='sed -n -e '\''s/^: \([^ ]*\)[ ]*$/  {\"\1\", (void *) 0},/p'\'' -e '\''s/^[ABCDGIRSTW]* \([^ ]*\) \(lib[^ ]*\)$/  {"\2", (void *) \&\2},/p'\'' -e '\''s/^[ABCDGIRSTW]* \([^ ]*\) \([^ ]*\)$/  {"lib\2", (void *) \&\2},/p'\'''
lt_cv_sys_global_symbol_to_cdecl='sed -n -e '\''s/^T .* \(.*\)$/extern int \1();/p'\'' -e '\''s/^[ABCDGIRSTW]* .* \(.*\)$/extern char \1;/p'\'''
lt_cv_sys_max_cmd_len=1572864
lt_cv_to_host_file_cmd=func_convert_file_noop
lt_cv_to_tool_file_cmd=func_convert_file_noop

## ----------------- ##
## Output variables. ##
## ----------------- ##

ACLOCAL='${SHELL} /home/adger/GitHub/tmp/gnu-cobol-2.0/missing --run aclocal-1.11'
ALLOCA=''
AMDEPBACKSLASH='\'
AMDEP_FALSE='#'
AMDEP_TRUE=''
AMTAR='${SHELL} /home/adger/GitHub/tmp/gnu-cobol-2.0/missing --run tar'
AR='ar'
AS='as'
AUTOCONF='${SHELL} /home/adger/GitHub/tmp/gnu-cobol-2.0/missing --run autoconf'
AUTOHEADER='${SHELL} /home/adger/GitHub/tmp/gnu-cobol-2.0/missing --run autoheader'
AUTOMAKE='${SHELL} /home/adger/GitHub/tmp/gnu-cobol-2.0/missing --run automake-1.11'
AWK='mawk'
CC='gcc -std=gnu99'
CCDEPMODE='depmode=gcc3'
CFLAGS='-g -O2 -pipe -finline-functions -fsigned-char -Wall -Wwrite-strings -Wmissing-prototypes -Wno-format-y2k'
COBC_LIBS=''
COB_BIGENDIAN='no'
COB_CC='gcc -std=gnu99'
COB_CFLAGS='-I/usr/local/include -pipe'
COB_CONFIG_DIR='${datarootdir}/gnu-cobol/config'
COB_COPY_DIR='${datarootdir}/gnu-cobol/copy'
COB_EXPORT_DYN='-Wl,--export-dynamic'
COB_FIX_LIB='-Wl,--export-dynamic'
COB_FIX_LIBTOOL=''
COB_HAS_ISAM='yes'
COB_KEYWORD_INLINE=''
COB_LDFLAGS=''
COB_LIBRARY_PATH='${exec_prefix}/lib/gnu-cobol'
COB_LIBS='-L${exec_prefix}/lib -lcob -lm -lcurl -lgmp -ldb -ldl'
COB_MAKE_IX_FALSE='#'
COB_MAKE_IX_TRUE=''
COB_MODULE_EXT='so'
COB_PATCH_LEVEL='0'
COB_PIC_FLAGS='-fPIC -DPIC'
COB_SHARED_OPT='-shared'
CPP='gcc -std=gnu99 -E'
CPPFLAGS=''
CYGPATH_W='echo'
DEFS='-DHAVE_CONFIG_H'
DEPDIR='.deps'
DLLTOOL='false'
DSYMUTIL=''
DUMPBIN=''
ECHO_C=''
ECHO_N='-n'
ECHO_T=''
EGREP='/bin/grep -E'
EXEEXT=''
FGREP='/bin/grep -F'
GETTEXT_MACRO_VERSION='0.17'
GMSGFMT='/usr/bin/msgfmt'
GMSGFMT_015='/usr/bin/msgfmt'
GREP='/bin/grep'
INSTALL_DATA='${INSTALL} -m 644'
INSTALL_PROGRAM='${INSTALL}'
INSTALL_SCRIPT='${INSTALL}'
INSTALL_STRIP_PROGRAM='$(install_sh) -c -s'
INTLLIBS=''
INTL_MACOSX_LIBS=''
LD='/usr/bin/ld'
LDFLAGS=' -Wl,-z,relro,-z,now,-O1'
LIBCOB_LIBS='-lm -lcurl -lgmp -ldb -ldl'
LIBICONV='-liconv'
LIBINTL=''
LIBOBJS=''
LIBS=''
LIBTOOL='$(SHELL) $(top_builddir)/libtool'
LIPO=''
LN_S='ln -s'
LTLIBICONV='-liconv'
LTLIBINTL=''
LTLIBOBJS=''
MAINT='#'
MAINTAINER_MODE_FALSE=''
MAINTAINER_MODE_TRUE='#'
MAKEINFO='${SHELL} /home/adger/GitHub/tmp/gnu-cobol-2.0/missing --run makeinfo'
MANIFEST_TOOL=':'
MKDIR_P='/bin/mkdir -p'
MSGFMT='/usr/bin/msgfmt'
MSGFMT_015='/usr/bin/msgfmt'
MSGMERGE='/usr/bin/msgmerge'
NM='/usr/bin/nm -B'
NMEDIT=''
OBJDUMP='objdump'
OBJEXT='o'
OTOOL64=''
OTOOL=''
PACKAGE='gnu-cobol'
PACKAGE_BUGREPORT='open-cobol-list@lists.sourceforge.net'
PACKAGE_NAME='GNU Cobol'
PACKAGE_STRING='GNU Cobol 2.0'
PACKAGE_TARNAME='gnu-cobol'
PACKAGE_URL='http://www.opencobol.org'
PACKAGE_VERSION='2.0'
PATH_SEPARATOR=':'
POSUB='po'
RANLIB='ranlib'
SED='/bin/sed'
SET_MAKE=''
SHELL='/bin/bash'
STRIP='strip'
USE_NLS='yes'
VERSION='2.0'
XGETTEXT='/usr/bin/xgettext'
XGETTEXT_015='/usr/bin/xgettext'
XGETTEXT_EXTRA_OPTIONS=''
ac_ct_AR='ar'
ac_ct_CC='gcc'
ac_ct_DUMPBIN=''
am__EXEEXT_FALSE=''
am__EXEEXT_TRUE='#'
am__fastdepCC_FALSE='#'
am__fastdepCC_TRUE=''
am__include='include'
am__isrc=''
am__leading_dot='.'
am__quote=''
am__tar='${AMTAR} chof - "$$tardir"'
am__untar='${AMTAR} xf -'
bindir='${exec_prefix}/bin'
build='i686-pc-linux-gnu'
build_alias=''
build_cpu='i686'
build_os='linux-gnu'
build_vendor='pc'
datadir='${datarootdir}'
datarootdir='${prefix}/share'
docdir='${datarootdir}/doc/${PACKAGE_TARNAME}'
dvidir='${docdir}'
exec_prefix='${prefix}'
host='i686-pc-linux-gnu'
host_alias=''
host_cpu='i686'
host_os='linux-gnu'
host_vendor='pc'
htmldir='${docdir}'
includedir='${prefix}/include'
infodir='${datarootdir}/info'
install_sh='${SHELL} /home/adger/GitHub/tmp/gnu-cobol-2.0/install-sh'
libdir='${exec_prefix}/lib'
libexecdir='${exec_prefix}/libexec'
localedir='${datarootdir}/locale'
localstatedir='${prefix}/var'
mandir='${datarootdir}/man'
mkdir_p='/bin/mkdir -p'
oldincludedir='/usr/include'
pdfdir='${docdir}'
prefix='/usr/local'
program_transform_name='s,x,x,'
psdir='${docdir}'
sbindir='${exec_prefix}/sbin'
sharedstatedir='${prefix}/com'
sysconfdir='${prefix}/etc'
target_alias=''

## ----------- ##
## confdefs.h. ##
## ----------- ##

/* confdefs.h */
#define PACKAGE_NAME "GNU Cobol"
#define PACKAGE_TARNAME "gnu-cobol"
#define PACKAGE_VERSION "2.0"
#define PACKAGE_STRING "GNU Cobol 2.0"
#define PACKAGE_BUGREPORT "open-cobol-list@lists.sourceforge.net"
#define PACKAGE_URL "http://www.opencobol.org"
#define PACKAGE "gnu-cobol"
#define VERSION "2.0"
#define STDC_HEADERS 1
#define HAVE_SYS_TYPES_H 1
#define HAVE_SYS_STAT_H 1
#define HAVE_STDLIB_H 1
#define HAVE_STRING_H 1
#define HAVE_MEMORY_H 1
#define HAVE_STRINGS_H 1
#define HAVE_INTTYPES_H 1
#define HAVE_STDINT_H 1
#define HAVE_UNISTD_H 1
#define __EXTENSIONS__ 1
#define _ALL_SOURCE 1
#define _GNU_SOURCE 1
#define _POSIX_PTHREAD_SEMANTICS 1
#define _TANDEM_SOURCE 1
#define HAVE_DLFCN_H 1
#define LT_OBJDIR ".libs/"
#define STDC_HEADERS 1
#define HAVE_STDINT_H 1
#define HAVE_SYS_TYPES_H 1
#define HAVE_SIGNAL_H 1
#define HAVE_FCNTL_H 1
#define HAVE_MALLOC_H 1
#define HAVE_LOCALE_H 1
#define HAVE_STDDEF_H 1
#define HAVE_WCHAR_H 1
#define HAVE_DLFCN_H 1
#define HAVE_SYS_TIME_H 1
#define HAVE_SIG_ATOMIC_T 1
#define COB_KEYWORD_INLINE __inline
#define HAVE_ALLOCA_H 1
#define HAVE_ALLOCA 1
#define HAVE_VPRINTF 1
#define HAVE_MEMMOVE 1
#define HAVE_MEMSET 1
#define HAVE_SETLOCALE 1
#define HAVE_FCNTL 1
#define HAVE_STRERROR 1
#define HAVE_STRCASECMP 1
#define HAVE_STRCHR 1
#define HAVE_STRRCHR 1
#define HAVE_STRDUP 1
#define HAVE_STRSTR 1
#define HAVE_STRTOL 1
#define HAVE_GETTIMEOFDAY 1
#define HAVE_LOCALECONV 1
#define HAVE_READLINK 1
#define HAVE_CANONICALIZE_FILE_NAME 1
#define HAVE_REALPATH 1
#define HAVE_STRCOLL 1
#define HAVE_STRXFRM 1
#define HAVE_TIMEZONE 1
#define HAVE_DESIGNATED_INITS 1
#define PATCH_LEVEL 0
#define WITH_VARSEQ 0
#define HAVE_GMP_H 1
#define HAVE_RAISE 1
#define HAVE_NANO_SLEEP 1
#define HAVE_FDATASYNC 1
#define HAVE_SIGACTION 1
#define ENABLE_NLS 1
#define HAVE_GETTEXT 1
#define HAVE_DCGETTEXT 1
#define HAVE_LANGINFO_CODESET 1
#define WITH_DB 1
#define USE_LIBDL 1
#define HAVE_DLADDR 1
#define COB_STRFTIME 1
#define HAVE_PSIGN_OPT 1
#define HAVE_ATTRIBUTE_ALIGNED 1
#define COB_EXPORT_DYN "-Wl,--export-dynamic"
#define COB_PIC_FLAGS "-fPIC -DPIC"
#define COB_SHARED_OPT "-shared"
#define COB_EXEEXT ""
#define COB_STRIP_CMD "strip --strip-unneeded"

configure: exit 0
